2020-08-25 10:07:11.8138|Marvin.Cache.Headers.HttpCacheHeadersMiddleware|INFO|Checking for conditional GET/HEAD. 
2020-08-25 10:07:11.9975|Marvin.Cache.Headers.HttpCacheHeadersMiddleware|INFO|Not valid - no If-None-Match or If-Modified-Since headers. 
2020-08-25 10:07:11.9975|Marvin.Cache.Headers.HttpCacheHeadersMiddleware|INFO|Don't generate 304 - Not Modified.  Continue. 
2020-08-25 10:07:11.9975|Marvin.Cache.Headers.HttpCacheHeadersMiddleware|INFO|Checking for conditional PUT/PATCH. 
2020-08-25 10:07:12.0122|Marvin.Cache.Headers.HttpCacheHeadersMiddleware|INFO|Not valid - method isn't PUT or PATCH. 
2020-08-25 10:07:12.0122|Marvin.Cache.Headers.HttpCacheHeadersMiddleware|INFO|Don't generate 412 - Precondition Failed.  Continue. 
2020-08-25 10:15:35.4593|Marvin.Cache.Headers.HttpCacheHeadersMiddleware|INFO|Checking for conditional GET/HEAD. 
2020-08-25 10:15:35.5774|Marvin.Cache.Headers.HttpCacheHeadersMiddleware|INFO|Not valid - no If-None-Match or If-Modified-Since headers. 
2020-08-25 10:15:35.5774|Marvin.Cache.Headers.HttpCacheHeadersMiddleware|INFO|Don't generate 304 - Not Modified.  Continue. 
2020-08-25 10:15:35.6038|Marvin.Cache.Headers.HttpCacheHeadersMiddleware|INFO|Checking for conditional PUT/PATCH. 
2020-08-25 10:15:35.6038|Marvin.Cache.Headers.HttpCacheHeadersMiddleware|INFO|Not valid - method isn't PUT or PATCH. 
2020-08-25 10:15:35.6038|Marvin.Cache.Headers.HttpCacheHeadersMiddleware|INFO|Don't generate 412 - Precondition Failed.  Continue. 
2020-08-25 10:19:14.7412|Marvin.Cache.Headers.HttpCacheHeadersMiddleware|INFO|Checking for conditional GET/HEAD. 
2020-08-25 10:19:14.7643|Marvin.Cache.Headers.HttpCacheHeadersMiddleware|INFO|Not valid - no If-None-Match or If-Modified-Since headers. 
2020-08-25 10:19:14.8059|Marvin.Cache.Headers.HttpCacheHeadersMiddleware|INFO|Don't generate 304 - Not Modified.  Continue. 
2020-08-25 10:19:14.8117|Marvin.Cache.Headers.HttpCacheHeadersMiddleware|INFO|Checking for conditional PUT/PATCH. 
2020-08-25 10:19:14.8117|Marvin.Cache.Headers.HttpCacheHeadersMiddleware|INFO|Not valid - method isn't PUT or PATCH. 
2020-08-25 10:19:14.8117|Marvin.Cache.Headers.HttpCacheHeadersMiddleware|INFO|Don't generate 412 - Precondition Failed.  Continue. 
2020-08-25 10:23:40.5106|Marvin.Cache.Headers.HttpCacheHeadersMiddleware|INFO|Checking for conditional GET/HEAD. 
2020-08-25 10:23:40.5403|Marvin.Cache.Headers.HttpCacheHeadersMiddleware|INFO|Not valid - no If-None-Match or If-Modified-Since headers. 
2020-08-25 10:23:40.5467|Marvin.Cache.Headers.HttpCacheHeadersMiddleware|INFO|Don't generate 304 - Not Modified.  Continue. 
2020-08-25 10:23:40.5467|Marvin.Cache.Headers.HttpCacheHeadersMiddleware|INFO|Checking for conditional PUT/PATCH. 
2020-08-25 10:23:40.5592|Marvin.Cache.Headers.HttpCacheHeadersMiddleware|INFO|Not valid - method isn't PUT or PATCH. 
2020-08-25 10:23:40.5862|Marvin.Cache.Headers.HttpCacheHeadersMiddleware|INFO|Don't generate 412 - Precondition Failed.  Continue. 
2020-08-25 10:23:42.9001|Marvin.Cache.Headers.HttpCacheHeadersMiddleware|INFO|Generating expiration headers. 
2020-08-25 10:23:42.9056|Marvin.Cache.Headers.HttpCacheHeadersMiddleware|INFO|Expiration headers generated. Expires: Tue, 25 Aug 2020 02:24:42 GMT. Cache-Control: public,max-age=60,no-store,must-revalidate. 
2020-08-25 10:23:42.9056|Marvin.Cache.Headers.HttpCacheHeadersMiddleware|INFO|Not generating Validation headers as the response status code does not indicate succes. 
2020-08-25 10:23:42.9189|Marvin.Cache.Headers.HttpCacheHeadersMiddleware|INFO|Generating Vary header. 
2020-08-25 10:23:42.9189|Marvin.Cache.Headers.HttpCacheHeadersMiddleware|INFO|Vary header generated: Accept, Accept-Language, Accept-Encoding. 
2020-08-25 10:24:34.6999|Marvin.Cache.Headers.HttpCacheHeadersMiddleware|INFO|Checking for conditional GET/HEAD. 
2020-08-25 10:24:34.7221|Marvin.Cache.Headers.HttpCacheHeadersMiddleware|INFO|Not valid - no If-None-Match or If-Modified-Since headers. 
2020-08-25 10:24:34.8349|Marvin.Cache.Headers.HttpCacheHeadersMiddleware|INFO|Don't generate 304 - Not Modified.  Continue. 
2020-08-25 10:24:34.8406|Marvin.Cache.Headers.HttpCacheHeadersMiddleware|INFO|Checking for conditional PUT/PATCH. 
2020-08-25 10:24:34.8406|Marvin.Cache.Headers.HttpCacheHeadersMiddleware|INFO|Not valid - method isn't PUT or PATCH. 
2020-08-25 10:24:34.8406|Marvin.Cache.Headers.HttpCacheHeadersMiddleware|INFO|Don't generate 412 - Precondition Failed.  Continue. 
2020-08-25 10:38:57.8576|Marvin.Cache.Headers.HttpCacheHeadersMiddleware|INFO|Checking for conditional GET/HEAD. 
2020-08-25 10:38:57.8902|Marvin.Cache.Headers.HttpCacheHeadersMiddleware|INFO|Not valid - no If-None-Match or If-Modified-Since headers. 
2020-08-25 10:38:57.8902|Marvin.Cache.Headers.HttpCacheHeadersMiddleware|INFO|Don't generate 304 - Not Modified.  Continue. 
2020-08-25 10:38:57.9037|Marvin.Cache.Headers.HttpCacheHeadersMiddleware|INFO|Checking for conditional PUT/PATCH. 
2020-08-25 10:38:57.9037|Marvin.Cache.Headers.HttpCacheHeadersMiddleware|INFO|Not valid - method isn't PUT or PATCH. 
2020-08-25 10:38:57.9037|Marvin.Cache.Headers.HttpCacheHeadersMiddleware|INFO|Don't generate 412 - Precondition Failed.  Continue. 
2020-08-25 10:42:14.9449|Marvin.Cache.Headers.HttpCacheHeadersMiddleware|INFO|Checking for conditional GET/HEAD. 
2020-08-25 10:42:14.9700|Marvin.Cache.Headers.HttpCacheHeadersMiddleware|INFO|Not valid - no If-None-Match or If-Modified-Since headers. 
2020-08-25 10:42:14.9700|Marvin.Cache.Headers.HttpCacheHeadersMiddleware|INFO|Don't generate 304 - Not Modified.  Continue. 
2020-08-25 10:42:14.9838|Marvin.Cache.Headers.HttpCacheHeadersMiddleware|INFO|Checking for conditional PUT/PATCH. 
2020-08-25 10:42:14.9838|Marvin.Cache.Headers.HttpCacheHeadersMiddleware|INFO|Not valid - method isn't PUT or PATCH. 
2020-08-25 10:42:14.9949|Marvin.Cache.Headers.HttpCacheHeadersMiddleware|INFO|Don't generate 412 - Precondition Failed.  Continue. 
2020-08-25 10:43:10.1504|Marvin.Cache.Headers.HttpCacheHeadersMiddleware|INFO|Checking for conditional GET/HEAD. 
2020-08-25 10:43:10.1732|Marvin.Cache.Headers.HttpCacheHeadersMiddleware|INFO|Not valid - no If-None-Match or If-Modified-Since headers. 
2020-08-25 10:43:10.1732|Marvin.Cache.Headers.HttpCacheHeadersMiddleware|INFO|Don't generate 304 - Not Modified.  Continue. 
2020-08-25 10:43:10.1876|Marvin.Cache.Headers.HttpCacheHeadersMiddleware|INFO|Checking for conditional PUT/PATCH. 
2020-08-25 10:43:10.1876|Marvin.Cache.Headers.HttpCacheHeadersMiddleware|INFO|Not valid - method isn't PUT or PATCH. 
2020-08-25 10:43:10.2013|Marvin.Cache.Headers.HttpCacheHeadersMiddleware|INFO|Don't generate 412 - Precondition Failed.  Continue. 
2020-08-25 10:43:11.7290|Marvin.Cache.Headers.HttpCacheHeadersMiddleware|INFO|Generating expiration headers. 
2020-08-25 10:43:11.7290|Marvin.Cache.Headers.HttpCacheHeadersMiddleware|INFO|Expiration headers generated. Expires: Tue, 25 Aug 2020 02:44:11 GMT. Cache-Control: public,max-age=60,no-store,must-revalidate. 
2020-08-25 10:43:11.7290|Marvin.Cache.Headers.HttpCacheHeadersMiddleware|INFO|Not generating Validation headers as the response status code does not indicate succes. 
2020-08-25 10:43:11.7482|Marvin.Cache.Headers.HttpCacheHeadersMiddleware|INFO|Generating Vary header. 
2020-08-25 10:43:11.7482|Marvin.Cache.Headers.HttpCacheHeadersMiddleware|INFO|Vary header generated: Accept, Accept-Language, Accept-Encoding. 
2020-08-25 10:44:03.6863|Marvin.Cache.Headers.HttpCacheHeadersMiddleware|INFO|Checking for conditional GET/HEAD. 
2020-08-25 10:44:03.7093|Marvin.Cache.Headers.HttpCacheHeadersMiddleware|INFO|Not valid - no If-None-Match or If-Modified-Since headers. 
2020-08-25 10:44:03.7454|Marvin.Cache.Headers.HttpCacheHeadersMiddleware|INFO|Don't generate 304 - Not Modified.  Continue. 
2020-08-25 10:44:03.7454|Marvin.Cache.Headers.HttpCacheHeadersMiddleware|INFO|Checking for conditional PUT/PATCH. 
2020-08-25 10:44:03.7454|Marvin.Cache.Headers.HttpCacheHeadersMiddleware|INFO|Not valid - method isn't PUT or PATCH. 
2020-08-25 10:44:03.7654|Marvin.Cache.Headers.HttpCacheHeadersMiddleware|INFO|Don't generate 412 - Precondition Failed.  Continue. 
2020-08-25 10:44:05.1235|Marvin.Cache.Headers.HttpCacheHeadersMiddleware|INFO|Generating expiration headers. 
2020-08-25 10:44:05.1235|Marvin.Cache.Headers.HttpCacheHeadersMiddleware|INFO|Expiration headers generated. Expires: Tue, 25 Aug 2020 02:45:05 GMT. Cache-Control: public,max-age=60,no-store,must-revalidate. 
2020-08-25 10:44:05.1357|Marvin.Cache.Headers.HttpCacheHeadersMiddleware|INFO|Not generating Validation headers as the response status code does not indicate succes. 
2020-08-25 10:44:05.1357|Marvin.Cache.Headers.HttpCacheHeadersMiddleware|INFO|Generating Vary header. 
2020-08-25 10:44:05.1357|Marvin.Cache.Headers.HttpCacheHeadersMiddleware|INFO|Vary header generated: Accept, Accept-Language, Accept-Encoding. 
2020-08-25 10:47:55.3249|Marvin.Cache.Headers.HttpCacheHeadersMiddleware|INFO|Checking for conditional GET/HEAD. 
2020-08-25 10:47:55.3465|Marvin.Cache.Headers.HttpCacheHeadersMiddleware|INFO|Not valid - no If-None-Match or If-Modified-Since headers. 
2020-08-25 10:47:55.3538|Marvin.Cache.Headers.HttpCacheHeadersMiddleware|INFO|Don't generate 304 - Not Modified.  Continue. 
2020-08-25 10:47:55.3538|Marvin.Cache.Headers.HttpCacheHeadersMiddleware|INFO|Checking for conditional PUT/PATCH. 
2020-08-25 10:47:55.3835|Marvin.Cache.Headers.HttpCacheHeadersMiddleware|INFO|Not valid - method isn't PUT or PATCH. 
2020-08-25 10:47:55.3930|Marvin.Cache.Headers.HttpCacheHeadersMiddleware|INFO|Don't generate 412 - Precondition Failed.  Continue. 
2020-08-25 10:52:48.9083|Marvin.Cache.Headers.HttpCacheHeadersMiddleware|INFO|Checking for conditional GET/HEAD. 
2020-08-25 10:52:49.2999|Marvin.Cache.Headers.HttpCacheHeadersMiddleware|INFO|Not valid - no If-None-Match or If-Modified-Since headers. 
2020-08-25 10:52:49.2999|Marvin.Cache.Headers.HttpCacheHeadersMiddleware|INFO|Don't generate 304 - Not Modified.  Continue. 
2020-08-25 10:52:49.3117|Marvin.Cache.Headers.HttpCacheHeadersMiddleware|INFO|Checking for conditional PUT/PATCH. 
2020-08-25 10:52:49.3117|Marvin.Cache.Headers.HttpCacheHeadersMiddleware|INFO|Not valid - method isn't PUT or PATCH. 
2020-08-25 10:52:49.3117|Marvin.Cache.Headers.HttpCacheHeadersMiddleware|INFO|Don't generate 412 - Precondition Failed.  Continue. 
2020-08-25 10:53:00.9955|Marvin.Cache.Headers.HttpCacheHeadersMiddleware|INFO|Generating expiration headers. 
2020-08-25 10:53:01.0175|Marvin.Cache.Headers.HttpCacheHeadersMiddleware|INFO|Expiration headers generated. Expires: Tue, 25 Aug 2020 02:54:01 GMT. Cache-Control: public,max-age=60,no-store,must-revalidate. 
2020-08-25 10:53:01.0255|Marvin.Cache.Headers.HttpCacheHeadersMiddleware|INFO|Generating Validation headers. 
2020-08-25 10:53:01.0585|Marvin.Cache.Headers.HttpCacheHeadersMiddleware|INFO|Validation headers generated. ETag: Strong, "BC55621A1C1E211D52FE3C55F826F17D". Last-Modified: Tue, 25 Aug 2020 02:53:01 GMT 
2020-08-25 10:53:01.0585|Marvin.Cache.Headers.HttpCacheHeadersMiddleware|INFO|Generating Vary header. 
2020-08-25 10:53:01.0585|Marvin.Cache.Headers.HttpCacheHeadersMiddleware|INFO|Vary header generated: Accept, Accept-Language, Accept-Encoding. 
2020-08-25 10:53:39.8165|Marvin.Cache.Headers.HttpCacheHeadersMiddleware|INFO|Checking for conditional GET/HEAD. 
2020-08-25 10:53:39.8238|Marvin.Cache.Headers.HttpCacheHeadersMiddleware|INFO|Not valid - no If-None-Match or If-Modified-Since headers. 
2020-08-25 10:53:39.8238|Marvin.Cache.Headers.HttpCacheHeadersMiddleware|INFO|Don't generate 304 - Not Modified.  Continue. 
2020-08-25 10:53:39.8238|Marvin.Cache.Headers.HttpCacheHeadersMiddleware|INFO|Checking for conditional PUT/PATCH. 
2020-08-25 10:53:39.8442|Marvin.Cache.Headers.HttpCacheHeadersMiddleware|INFO|Not valid - method isn't PUT or PATCH. 
2020-08-25 10:53:39.8442|Marvin.Cache.Headers.HttpCacheHeadersMiddleware|INFO|Don't generate 412 - Precondition Failed.  Continue. 
2020-08-25 10:53:39.9506|Marvin.Cache.Headers.HttpCacheHeadersMiddleware|INFO|Generating expiration headers. 
2020-08-25 10:53:39.9658|Marvin.Cache.Headers.HttpCacheHeadersMiddleware|INFO|Expiration headers generated. Expires: Tue, 25 Aug 2020 02:54:39 GMT. Cache-Control: public,max-age=60,no-store,must-revalidate. 
2020-08-25 10:53:39.9658|Marvin.Cache.Headers.HttpCacheHeadersMiddleware|INFO|Generating Validation headers. 
2020-08-25 10:53:39.9658|Marvin.Cache.Headers.HttpCacheHeadersMiddleware|INFO|Validation headers generated. ETag: Strong, "7EFC09ECB1EA64E2C96B6D427090337D". Last-Modified: Tue, 25 Aug 2020 02:53:39 GMT 
2020-08-25 10:53:39.9834|Marvin.Cache.Headers.HttpCacheHeadersMiddleware|INFO|Generating Vary header. 
2020-08-25 10:53:39.9834|Marvin.Cache.Headers.HttpCacheHeadersMiddleware|INFO|Vary header generated: Accept, Accept-Language, Accept-Encoding. 
2020-08-25 10:53:46.6430|Marvin.Cache.Headers.HttpCacheHeadersMiddleware|INFO|Checking for conditional GET/HEAD. 
2020-08-25 10:53:46.6527|Marvin.Cache.Headers.HttpCacheHeadersMiddleware|INFO|Not valid - no If-None-Match or If-Modified-Since headers. 
2020-08-25 10:53:46.6527|Marvin.Cache.Headers.HttpCacheHeadersMiddleware|INFO|Don't generate 304 - Not Modified.  Continue. 
2020-08-25 10:53:46.6681|Marvin.Cache.Headers.HttpCacheHeadersMiddleware|INFO|Checking for conditional PUT/PATCH. 
2020-08-25 10:53:46.6681|Marvin.Cache.Headers.HttpCacheHeadersMiddleware|INFO|Not valid - method isn't PUT or PATCH. 
2020-08-25 10:53:46.6886|Marvin.Cache.Headers.HttpCacheHeadersMiddleware|INFO|Don't generate 412 - Precondition Failed.  Continue. 
2020-08-25 10:53:46.7704|Marvin.Cache.Headers.HttpCacheHeadersMiddleware|INFO|Generating expiration headers. 
2020-08-25 10:53:46.7764|Marvin.Cache.Headers.HttpCacheHeadersMiddleware|INFO|Expiration headers generated. Expires: Tue, 25 Aug 2020 02:54:46 GMT. Cache-Control: public,max-age=60,no-store,must-revalidate. 
2020-08-25 10:53:46.7764|Marvin.Cache.Headers.HttpCacheHeadersMiddleware|INFO|Generating Validation headers. 
2020-08-25 10:53:46.7958|Marvin.Cache.Headers.HttpCacheHeadersMiddleware|INFO|Validation headers generated. ETag: Strong, "7EFC09ECB1EA64E2C96B6D427090337D". Last-Modified: Tue, 25 Aug 2020 02:53:46 GMT 
2020-08-25 10:53:46.7958|Marvin.Cache.Headers.HttpCacheHeadersMiddleware|INFO|Generating Vary header. 
2020-08-25 10:53:46.8094|Marvin.Cache.Headers.HttpCacheHeadersMiddleware|INFO|Vary header generated: Accept, Accept-Language, Accept-Encoding. 
2020-08-25 10:53:58.0914|Marvin.Cache.Headers.HttpCacheHeadersMiddleware|INFO|Checking for conditional GET/HEAD. 
2020-08-25 10:53:58.0914|Marvin.Cache.Headers.HttpCacheHeadersMiddleware|INFO|Not valid - method isn't GET or HEAD. 
2020-08-25 10:53:58.0914|Marvin.Cache.Headers.HttpCacheHeadersMiddleware|INFO|Don't generate 304 - Not Modified.  Continue. 
2020-08-25 10:53:58.1087|Marvin.Cache.Headers.HttpCacheHeadersMiddleware|INFO|Checking for conditional PUT/PATCH. 
2020-08-25 10:53:58.1087|Marvin.Cache.Headers.HttpCacheHeadersMiddleware|INFO|Not valid - no If Match or If Unmodified-Since headers. 
2020-08-25 10:53:58.1201|Marvin.Cache.Headers.HttpCacheHeadersMiddleware|INFO|Don't generate 412 - Precondition Failed.  Continue. 
2020-08-25 10:53:59.4851|Marvin.Cache.Headers.HttpCacheHeadersMiddleware|INFO|Generating expiration headers. 
2020-08-25 10:53:59.4851|Marvin.Cache.Headers.HttpCacheHeadersMiddleware|INFO|Expiration headers generated. Expires: Tue, 25 Aug 2020 02:54:59 GMT. Cache-Control: public,max-age=60. 
2020-08-25 10:53:59.4966|Marvin.Cache.Headers.HttpCacheHeadersMiddleware|INFO|Generating Validation headers. 
2020-08-25 10:53:59.4966|Marvin.Cache.Headers.HttpCacheHeadersMiddleware|INFO|Validation headers generated. ETag: Strong, "141E6C7C9F723A4631BE67FBFE530EEC". Last-Modified: Tue, 25 Aug 2020 02:53:59 GMT 
2020-08-25 10:53:59.4966|Marvin.Cache.Headers.HttpCacheHeadersMiddleware|INFO|Generating Vary header. 
2020-08-25 10:53:59.5132|Marvin.Cache.Headers.HttpCacheHeadersMiddleware|INFO|Vary header generated: Accept, Accept-Language, Accept-Encoding. 
2020-08-25 10:54:17.2577|Marvin.Cache.Headers.HttpCacheHeadersMiddleware|INFO|Checking for conditional GET/HEAD. 
2020-08-25 10:54:17.2686|Marvin.Cache.Headers.HttpCacheHeadersMiddleware|INFO|Not valid - method isn't GET or HEAD. 
2020-08-25 10:54:17.2779|Marvin.Cache.Headers.HttpCacheHeadersMiddleware|INFO|Don't generate 304 - Not Modified.  Continue. 
2020-08-25 10:54:17.2779|Marvin.Cache.Headers.HttpCacheHeadersMiddleware|INFO|Checking for conditional PUT/PATCH. 
2020-08-25 10:54:17.2929|Marvin.Cache.Headers.HttpCacheHeadersMiddleware|INFO|Not valid - no If Match or If Unmodified-Since headers. 
2020-08-25 10:54:17.3238|Marvin.Cache.Headers.HttpCacheHeadersMiddleware|INFO|Don't generate 412 - Precondition Failed.  Continue. 
2020-08-25 10:54:17.5414|Marvin.Cache.Headers.HttpCacheHeadersMiddleware|INFO|Generating expiration headers. 
2020-08-25 10:54:17.5414|Marvin.Cache.Headers.HttpCacheHeadersMiddleware|INFO|Expiration headers generated. Expires: Tue, 25 Aug 2020 02:55:17 GMT. Cache-Control: public,max-age=60. 
2020-08-25 10:54:17.5414|Marvin.Cache.Headers.HttpCacheHeadersMiddleware|INFO|Generating Validation headers. 
2020-08-25 10:54:17.5597|Marvin.Cache.Headers.HttpCacheHeadersMiddleware|INFO|Validation headers generated. ETag: Strong, "141E6C7C9F723A4631BE67FBFE530EEC". Last-Modified: Tue, 25 Aug 2020 02:54:17 GMT 
2020-08-25 10:54:17.5597|Marvin.Cache.Headers.HttpCacheHeadersMiddleware|INFO|Generating Vary header. 
2020-08-25 10:54:17.5597|Marvin.Cache.Headers.HttpCacheHeadersMiddleware|INFO|Vary header generated: Accept, Accept-Language, Accept-Encoding. 
2020-08-25 10:54:28.0254|Marvin.Cache.Headers.HttpCacheHeadersMiddleware|INFO|Checking for conditional GET/HEAD. 
2020-08-25 10:54:28.0378|Marvin.Cache.Headers.HttpCacheHeadersMiddleware|INFO|Not valid - no If-None-Match or If-Modified-Since headers. 
2020-08-25 10:54:28.0465|Marvin.Cache.Headers.HttpCacheHeadersMiddleware|INFO|Don't generate 304 - Not Modified.  Continue. 
2020-08-25 10:54:28.0574|Marvin.Cache.Headers.HttpCacheHeadersMiddleware|INFO|Checking for conditional PUT/PATCH. 
2020-08-25 10:54:28.0574|Marvin.Cache.Headers.HttpCacheHeadersMiddleware|INFO|Not valid - method isn't PUT or PATCH. 
2020-08-25 10:54:28.0765|Marvin.Cache.Headers.HttpCacheHeadersMiddleware|INFO|Don't generate 412 - Precondition Failed.  Continue. 
2020-08-25 10:54:28.1218|Marvin.Cache.Headers.HttpCacheHeadersMiddleware|INFO|Generating expiration headers. 
2020-08-25 10:54:28.1218|Marvin.Cache.Headers.HttpCacheHeadersMiddleware|INFO|Expiration headers generated. Expires: Tue, 25 Aug 2020 02:55:28 GMT. Cache-Control: public,max-age=60,no-store,must-revalidate. 
2020-08-25 10:54:28.1218|Marvin.Cache.Headers.HttpCacheHeadersMiddleware|INFO|Generating Validation headers. 
2020-08-25 10:54:28.1387|Marvin.Cache.Headers.HttpCacheHeadersMiddleware|INFO|Validation headers generated. ETag: Strong, "DE45C6292E75736312C6FEC07871B93A". Last-Modified: Tue, 25 Aug 2020 02:54:28 GMT 
2020-08-25 10:54:28.1387|Marvin.Cache.Headers.HttpCacheHeadersMiddleware|INFO|Generating Vary header. 
2020-08-25 10:54:28.1616|Marvin.Cache.Headers.HttpCacheHeadersMiddleware|INFO|Vary header generated: Accept, Accept-Language, Accept-Encoding. 
2020-08-25 10:54:47.1665|Marvin.Cache.Headers.HttpCacheHeadersMiddleware|INFO|Checking for conditional GET/HEAD. 
2020-08-25 10:54:47.1665|Marvin.Cache.Headers.HttpCacheHeadersMiddleware|INFO|Not valid - no If-None-Match or If-Modified-Since headers. 
2020-08-25 10:54:47.1665|Marvin.Cache.Headers.HttpCacheHeadersMiddleware|INFO|Don't generate 304 - Not Modified.  Continue. 
2020-08-25 10:54:47.1868|Marvin.Cache.Headers.HttpCacheHeadersMiddleware|INFO|Checking for conditional PUT/PATCH. 
2020-08-25 10:54:47.1868|Marvin.Cache.Headers.HttpCacheHeadersMiddleware|INFO|Not valid - method isn't PUT or PATCH. 
2020-08-25 10:54:47.2012|Marvin.Cache.Headers.HttpCacheHeadersMiddleware|INFO|Don't generate 412 - Precondition Failed.  Continue. 
2020-08-25 13:50:47.5710|Marvin.Cache.Headers.HttpCacheHeadersMiddleware|INFO|Checking for conditional GET/HEAD. 
2020-08-25 13:50:47.8384|Marvin.Cache.Headers.HttpCacheHeadersMiddleware|INFO|Not valid - no If-None-Match or If-Modified-Since headers. 
2020-08-25 13:50:47.8384|Marvin.Cache.Headers.HttpCacheHeadersMiddleware|INFO|Don't generate 304 - Not Modified.  Continue. 
2020-08-25 13:50:47.8384|Marvin.Cache.Headers.HttpCacheHeadersMiddleware|INFO|Checking for conditional PUT/PATCH. 
2020-08-25 13:50:47.8561|Marvin.Cache.Headers.HttpCacheHeadersMiddleware|INFO|Not valid - method isn't PUT or PATCH. 
2020-08-25 13:50:47.8561|Marvin.Cache.Headers.HttpCacheHeadersMiddleware|INFO|Don't generate 412 - Precondition Failed.  Continue. 
2020-08-25 13:50:54.0036|WebApplication.Controllers.ArticlesController|INFO|[GetArticlesParameter]: WebApplication.Controllers.DtoParameters.ArticleResourceParameters 
2020-08-25 13:50:59.5988|Marvin.Cache.Headers.HttpCacheHeadersMiddleware|INFO|Generating expiration headers. 
2020-08-25 13:50:59.6113|Marvin.Cache.Headers.HttpCacheHeadersMiddleware|INFO|Expiration headers generated. Expires: Tue, 25 Aug 2020 05:51:59 GMT. Cache-Control: public,max-age=60. 
2020-08-25 13:50:59.6113|Marvin.Cache.Headers.HttpCacheHeadersMiddleware|INFO|Not generating Validation headers as the response status code does not indicate succes. 
2020-08-25 13:50:59.6233|Marvin.Cache.Headers.HttpCacheHeadersMiddleware|INFO|Generating Vary header. 
2020-08-25 13:50:59.6233|Marvin.Cache.Headers.HttpCacheHeadersMiddleware|INFO|Vary header generated: Accept, Accept-Language, Accept-Encoding. 
2020-08-25 13:55:23.3330|Marvin.Cache.Headers.HttpCacheHeadersMiddleware|INFO|Checking for conditional GET/HEAD. 
2020-08-25 13:55:23.5121|Marvin.Cache.Headers.HttpCacheHeadersMiddleware|INFO|Not valid - no If-None-Match or If-Modified-Since headers. 
2020-08-25 13:55:23.5121|Marvin.Cache.Headers.HttpCacheHeadersMiddleware|INFO|Don't generate 304 - Not Modified.  Continue. 
2020-08-25 13:55:23.5121|Marvin.Cache.Headers.HttpCacheHeadersMiddleware|INFO|Checking for conditional PUT/PATCH. 
2020-08-25 13:55:23.5302|Marvin.Cache.Headers.HttpCacheHeadersMiddleware|INFO|Not valid - method isn't PUT or PATCH. 
2020-08-25 13:55:23.5302|Marvin.Cache.Headers.HttpCacheHeadersMiddleware|INFO|Don't generate 412 - Precondition Failed.  Continue. 
2020-08-25 13:55:24.8603|WebApplication.Controllers.ArticlesController|INFO|[GetArticlesParameter]: WebApplication.Controllers.DtoParameters.ArticleResourceParameters 
2020-08-25 13:55:27.3181|Marvin.Cache.Headers.HttpCacheHeadersMiddleware|INFO|Generating expiration headers. 
2020-08-25 13:55:27.3238|Marvin.Cache.Headers.HttpCacheHeadersMiddleware|INFO|Expiration headers generated. Expires: Tue, 25 Aug 2020 05:56:27 GMT. Cache-Control: public,max-age=60. 
2020-08-25 13:55:27.3238|Marvin.Cache.Headers.HttpCacheHeadersMiddleware|INFO|Generating Validation headers. 
2020-08-25 13:55:27.3690|Marvin.Cache.Headers.HttpCacheHeadersMiddleware|INFO|Validation headers generated. ETag: Strong, "5108B02A5AB5B0E4AB7146D45BB35213". Last-Modified: Tue, 25 Aug 2020 05:55:27 GMT 
2020-08-25 13:55:27.3745|Marvin.Cache.Headers.HttpCacheHeadersMiddleware|INFO|Generating Vary header. 
2020-08-25 13:55:27.3745|Marvin.Cache.Headers.HttpCacheHeadersMiddleware|INFO|Vary header generated: Accept, Accept-Language, Accept-Encoding. 
2020-08-25 14:04:22.6155|Marvin.Cache.Headers.HttpCacheHeadersMiddleware|INFO|Checking for conditional GET/HEAD. 
2020-08-25 14:04:22.7084|Marvin.Cache.Headers.HttpCacheHeadersMiddleware|INFO|No saved response found in store. 
2020-08-25 14:04:22.7383|Marvin.Cache.Headers.HttpCacheHeadersMiddleware|INFO|Don't generate 304 - Not Modified.  Continue. 
2020-08-25 14:04:22.7513|Marvin.Cache.Headers.HttpCacheHeadersMiddleware|INFO|Checking for conditional PUT/PATCH. 
2020-08-25 14:04:22.7909|Marvin.Cache.Headers.HttpCacheHeadersMiddleware|INFO|Not valid - method isn't PUT or PATCH. 
2020-08-25 14:04:22.8565|Marvin.Cache.Headers.HttpCacheHeadersMiddleware|INFO|Don't generate 412 - Precondition Failed.  Continue. 
2020-08-25 14:04:23.8262|WebApplication.Controllers.ArticlesController|INFO|[GetArticlesParameter]: WebApplication.Controllers.DtoParameters.ArticleResourceParameters 
2020-08-25 14:04:25.2875|Marvin.Cache.Headers.HttpCacheHeadersMiddleware|INFO|Generating expiration headers. 
2020-08-25 14:04:25.2939|Marvin.Cache.Headers.HttpCacheHeadersMiddleware|INFO|Expiration headers generated. Expires: Tue, 25 Aug 2020 06:05:25 GMT. Cache-Control: public,max-age=60. 
2020-08-25 14:04:25.2939|Marvin.Cache.Headers.HttpCacheHeadersMiddleware|INFO|Generating Validation headers. 
2020-08-25 14:04:25.3124|Marvin.Cache.Headers.HttpCacheHeadersMiddleware|INFO|Validation headers generated. ETag: Strong, "5108B02A5AB5B0E4AB7146D45BB35213". Last-Modified: Tue, 25 Aug 2020 06:04:25 GMT 
2020-08-25 14:04:25.3124|Marvin.Cache.Headers.HttpCacheHeadersMiddleware|INFO|Generating Vary header. 
2020-08-25 14:04:25.3287|Marvin.Cache.Headers.HttpCacheHeadersMiddleware|INFO|Vary header generated: Accept, Accept-Language, Accept-Encoding. 
2020-08-25 14:04:32.0335|Marvin.Cache.Headers.HttpCacheHeadersMiddleware|INFO|Checking for conditional GET/HEAD. 
2020-08-25 14:04:32.0335|Marvin.Cache.Headers.HttpCacheHeadersMiddleware|INFO|Not valid - no If-None-Match or If-Modified-Since headers. 
2020-08-25 14:04:32.0554|Marvin.Cache.Headers.HttpCacheHeadersMiddleware|INFO|Don't generate 304 - Not Modified.  Continue. 
2020-08-25 14:04:32.0643|Marvin.Cache.Headers.HttpCacheHeadersMiddleware|INFO|Checking for conditional PUT/PATCH. 
2020-08-25 14:04:32.0643|Marvin.Cache.Headers.HttpCacheHeadersMiddleware|INFO|Not valid - method isn't PUT or PATCH. 
2020-08-25 14:04:32.0782|Marvin.Cache.Headers.HttpCacheHeadersMiddleware|INFO|Don't generate 412 - Precondition Failed.  Continue. 
2020-08-25 14:04:32.3160|Marvin.Cache.Headers.HttpCacheHeadersMiddleware|INFO|Generating expiration headers. 
2020-08-25 14:04:32.3160|Marvin.Cache.Headers.HttpCacheHeadersMiddleware|INFO|Expiration headers generated. Expires: Tue, 25 Aug 2020 06:05:32 GMT. Cache-Control: public,max-age=60,no-store,must-revalidate. 
2020-08-25 14:04:32.3271|Marvin.Cache.Headers.HttpCacheHeadersMiddleware|INFO|Generating Validation headers. 
2020-08-25 14:04:32.3271|Marvin.Cache.Headers.HttpCacheHeadersMiddleware|INFO|Validation headers generated. ETag: Strong, "DE45C6292E75736312C6FEC07871B93A". Last-Modified: Tue, 25 Aug 2020 06:04:32 GMT 
2020-08-25 14:04:32.3271|Marvin.Cache.Headers.HttpCacheHeadersMiddleware|INFO|Generating Vary header. 
2020-08-25 14:04:32.3446|Marvin.Cache.Headers.HttpCacheHeadersMiddleware|INFO|Vary header generated: Accept, Accept-Language, Accept-Encoding. 
2020-08-25 14:08:00.8247|Marvin.Cache.Headers.HttpCacheHeadersMiddleware|INFO|Checking for conditional GET/HEAD. 
2020-08-25 14:08:00.8501|Marvin.Cache.Headers.HttpCacheHeadersMiddleware|INFO|Not valid - no If-None-Match or If-Modified-Since headers. 
2020-08-25 14:08:00.8568|Marvin.Cache.Headers.HttpCacheHeadersMiddleware|INFO|Don't generate 304 - Not Modified.  Continue. 
2020-08-25 14:08:00.8568|Marvin.Cache.Headers.HttpCacheHeadersMiddleware|INFO|Checking for conditional PUT/PATCH. 
2020-08-25 14:08:00.8778|Marvin.Cache.Headers.HttpCacheHeadersMiddleware|INFO|Not valid - method isn't PUT or PATCH. 
2020-08-25 14:08:00.8778|Marvin.Cache.Headers.HttpCacheHeadersMiddleware|INFO|Don't generate 412 - Precondition Failed.  Continue. 
2020-08-25 14:08:02.5232|Marvin.Cache.Headers.HttpCacheHeadersMiddleware|INFO|Generating expiration headers. 
2020-08-25 14:08:02.5298|Marvin.Cache.Headers.HttpCacheHeadersMiddleware|INFO|Expiration headers generated. Expires: Tue, 25 Aug 2020 06:09:02 GMT. Cache-Control: public,max-age=60,no-store,must-revalidate. 
2020-08-25 14:08:02.5298|Marvin.Cache.Headers.HttpCacheHeadersMiddleware|INFO|Generating Validation headers. 
2020-08-25 14:08:02.5483|Marvin.Cache.Headers.HttpCacheHeadersMiddleware|INFO|Validation headers generated. ETag: Strong, "DE45C6292E75736312C6FEC07871B93A". Last-Modified: Tue, 25 Aug 2020 06:08:02 GMT 
2020-08-25 14:08:02.5483|Marvin.Cache.Headers.HttpCacheHeadersMiddleware|INFO|Generating Vary header. 
2020-08-25 14:08:02.5605|Marvin.Cache.Headers.HttpCacheHeadersMiddleware|INFO|Vary header generated: Accept, Accept-Language, Accept-Encoding. 
2020-08-25 14:08:03.7972|Marvin.Cache.Headers.HttpCacheHeadersMiddleware|INFO|Checking for conditional GET/HEAD. 
2020-08-25 14:08:03.7972|Marvin.Cache.Headers.HttpCacheHeadersMiddleware|INFO|No saved response found in store. 
2020-08-25 14:08:03.8157|Marvin.Cache.Headers.HttpCacheHeadersMiddleware|INFO|Don't generate 304 - Not Modified.  Continue. 
2020-08-25 14:08:03.8291|Marvin.Cache.Headers.HttpCacheHeadersMiddleware|INFO|Checking for conditional PUT/PATCH. 
2020-08-25 14:08:03.8291|Marvin.Cache.Headers.HttpCacheHeadersMiddleware|INFO|Not valid - method isn't PUT or PATCH. 
2020-08-25 14:08:03.8390|Marvin.Cache.Headers.HttpCacheHeadersMiddleware|INFO|Don't generate 412 - Precondition Failed.  Continue. 
2020-08-25 14:08:03.8906|WebApplication.Controllers.ArticlesController|INFO|[GetArticlesParameter]: WebApplication.Controllers.DtoParameters.ArticleResourceParameters 
2020-08-25 14:08:04.1425|Marvin.Cache.Headers.HttpCacheHeadersMiddleware|INFO|Generating expiration headers. 
2020-08-25 14:08:04.1425|Marvin.Cache.Headers.HttpCacheHeadersMiddleware|INFO|Expiration headers generated. Expires: Tue, 25 Aug 2020 06:09:04 GMT. Cache-Control: public,max-age=60. 
2020-08-25 14:08:04.1570|Marvin.Cache.Headers.HttpCacheHeadersMiddleware|INFO|Generating Validation headers. 
2020-08-25 14:08:04.1570|Marvin.Cache.Headers.HttpCacheHeadersMiddleware|INFO|Validation headers generated. ETag: Strong, "5599B9D935A5300362CE9592E513F44C". Last-Modified: Tue, 25 Aug 2020 06:08:04 GMT 
2020-08-25 14:08:04.1694|Marvin.Cache.Headers.HttpCacheHeadersMiddleware|INFO|Generating Vary header. 
2020-08-25 14:08:04.1694|Marvin.Cache.Headers.HttpCacheHeadersMiddleware|INFO|Vary header generated: Accept, Accept-Language, Accept-Encoding. 
2020-08-25 14:14:30.0903|Marvin.Cache.Headers.HttpCacheHeadersMiddleware|INFO|Checking for conditional GET/HEAD. 
2020-08-25 14:14:30.1227|Marvin.Cache.Headers.HttpCacheHeadersMiddleware|INFO|No saved response found in store. 
2020-08-25 14:14:30.1227|Marvin.Cache.Headers.HttpCacheHeadersMiddleware|INFO|Don't generate 304 - Not Modified.  Continue. 
2020-08-25 14:14:30.1426|Marvin.Cache.Headers.HttpCacheHeadersMiddleware|INFO|Checking for conditional PUT/PATCH. 
2020-08-25 14:14:30.1509|Marvin.Cache.Headers.HttpCacheHeadersMiddleware|INFO|Not valid - method isn't PUT or PATCH. 
2020-08-25 14:14:30.1509|Marvin.Cache.Headers.HttpCacheHeadersMiddleware|INFO|Don't generate 412 - Precondition Failed.  Continue. 
2020-08-25 14:14:30.6177|WebApplication.Controllers.ArticlesController|INFO|[GetArticlesParameter]: WebApplication.Controllers.DtoParameters.ArticleResourceParameters 
2020-08-25 14:14:31.7633|Marvin.Cache.Headers.HttpCacheHeadersMiddleware|INFO|Generating expiration headers. 
2020-08-25 14:14:31.7633|Marvin.Cache.Headers.HttpCacheHeadersMiddleware|INFO|Expiration headers generated. Expires: Tue, 25 Aug 2020 06:15:31 GMT. Cache-Control: public,max-age=60. 
2020-08-25 14:14:31.7758|Marvin.Cache.Headers.HttpCacheHeadersMiddleware|INFO|Generating Validation headers. 
2020-08-25 14:14:31.7758|Marvin.Cache.Headers.HttpCacheHeadersMiddleware|INFO|Validation headers generated. ETag: Strong, "5599B9D935A5300362CE9592E513F44C". Last-Modified: Tue, 25 Aug 2020 06:14:31 GMT 
2020-08-25 14:14:31.7758|Marvin.Cache.Headers.HttpCacheHeadersMiddleware|INFO|Generating Vary header. 
2020-08-25 14:14:31.7941|Marvin.Cache.Headers.HttpCacheHeadersMiddleware|INFO|Vary header generated: Accept, Accept-Language, Accept-Encoding. 
2020-08-25 14:31:47.4696|Marvin.Cache.Headers.HttpCacheHeadersMiddleware|INFO|Checking for conditional GET/HEAD. 
2020-08-25 14:31:47.5532|Marvin.Cache.Headers.HttpCacheHeadersMiddleware|INFO|No saved response found in store. 
2020-08-25 14:31:47.5706|Marvin.Cache.Headers.HttpCacheHeadersMiddleware|INFO|Don't generate 304 - Not Modified.  Continue. 
2020-08-25 14:31:47.5868|Marvin.Cache.Headers.HttpCacheHeadersMiddleware|INFO|Checking for conditional PUT/PATCH. 
2020-08-25 14:31:47.5927|Marvin.Cache.Headers.HttpCacheHeadersMiddleware|INFO|Not valid - method isn't PUT or PATCH. 
2020-08-25 14:31:47.5927|Marvin.Cache.Headers.HttpCacheHeadersMiddleware|INFO|Don't generate 412 - Precondition Failed.  Continue. 
2020-08-25 14:31:48.0461|WebApplication.Controllers.ArticlesController|INFO|[GetArticlesParameter]: WebApplication.Controllers.DtoParameters.ArticleResourceParameters 
2020-08-25 14:34:46.1638|Marvin.Cache.Headers.HttpCacheHeadersMiddleware|INFO|Generating expiration headers. 
2020-08-25 14:34:46.1988|Marvin.Cache.Headers.HttpCacheHeadersMiddleware|INFO|Expiration headers generated. Expires: Tue, 25 Aug 2020 06:35:46 GMT. Cache-Control: public,max-age=60. 
2020-08-25 14:34:46.1988|Marvin.Cache.Headers.HttpCacheHeadersMiddleware|INFO|Generating Validation headers. 
2020-08-25 14:34:46.2292|Marvin.Cache.Headers.HttpCacheHeadersMiddleware|INFO|Validation headers generated. ETag: Strong, "57B539506C58528D491F55C45ED4307D". Last-Modified: Tue, 25 Aug 2020 06:34:46 GMT 
2020-08-25 14:34:46.2292|Marvin.Cache.Headers.HttpCacheHeadersMiddleware|INFO|Generating Vary header. 
2020-08-25 14:34:46.2292|Marvin.Cache.Headers.HttpCacheHeadersMiddleware|INFO|Vary header generated: Accept, Accept-Language, Accept-Encoding. 
2020-08-25 14:35:21.5023|Marvin.Cache.Headers.HttpCacheHeadersMiddleware|INFO|Checking for conditional GET/HEAD. 
2020-08-25 14:35:21.5023|Marvin.Cache.Headers.HttpCacheHeadersMiddleware|INFO|Not valid - no If-None-Match or If-Modified-Since headers. 
2020-08-25 14:35:21.5173|Marvin.Cache.Headers.HttpCacheHeadersMiddleware|INFO|Don't generate 304 - Not Modified.  Continue. 
2020-08-25 14:35:21.5329|Marvin.Cache.Headers.HttpCacheHeadersMiddleware|INFO|Checking for conditional PUT/PATCH. 
2020-08-25 14:35:21.5500|Marvin.Cache.Headers.HttpCacheHeadersMiddleware|INFO|Not valid - method isn't PUT or PATCH. 
2020-08-25 14:35:21.5606|Marvin.Cache.Headers.HttpCacheHeadersMiddleware|INFO|Don't generate 412 - Precondition Failed.  Continue. 
2020-08-25 14:44:28.4856|Marvin.Cache.Headers.HttpCacheHeadersMiddleware|INFO|Checking for conditional GET/HEAD. 
2020-08-25 14:44:28.5132|Marvin.Cache.Headers.HttpCacheHeadersMiddleware|INFO|Not valid - no If-None-Match or If-Modified-Since headers. 
2020-08-25 14:44:28.5548|Marvin.Cache.Headers.HttpCacheHeadersMiddleware|INFO|Don't generate 304 - Not Modified.  Continue. 
2020-08-25 14:44:28.5655|Marvin.Cache.Headers.HttpCacheHeadersMiddleware|INFO|Checking for conditional PUT/PATCH. 
2020-08-25 14:44:28.5655|Marvin.Cache.Headers.HttpCacheHeadersMiddleware|INFO|Not valid - method isn't PUT or PATCH. 
2020-08-25 14:44:28.5838|Marvin.Cache.Headers.HttpCacheHeadersMiddleware|INFO|Don't generate 412 - Precondition Failed.  Continue. 
2020-08-25 14:44:43.2134|Marvin.Cache.Headers.HttpCacheHeadersMiddleware|INFO|Generating expiration headers. 
2020-08-25 14:44:43.2694|Marvin.Cache.Headers.HttpCacheHeadersMiddleware|INFO|Expiration headers generated. Expires: Tue, 25 Aug 2020 06:45:43 GMT. Cache-Control: public,max-age=60,no-store,must-revalidate. 
2020-08-25 14:44:43.2694|Marvin.Cache.Headers.HttpCacheHeadersMiddleware|INFO|Generating Validation headers. 
2020-08-25 14:44:43.2869|Marvin.Cache.Headers.HttpCacheHeadersMiddleware|INFO|Validation headers generated. ETag: Strong, "DE45C6292E75736312C6FEC07871B93A". Last-Modified: Tue, 25 Aug 2020 06:44:43 GMT 
2020-08-25 14:44:43.2929|Marvin.Cache.Headers.HttpCacheHeadersMiddleware|INFO|Generating Vary header. 
2020-08-25 14:44:43.2929|Marvin.Cache.Headers.HttpCacheHeadersMiddleware|INFO|Vary header generated: Accept, Accept-Language, Accept-Encoding. 
2020-08-25 14:44:52.9567|Marvin.Cache.Headers.HttpCacheHeadersMiddleware|INFO|Checking for conditional GET/HEAD. 
2020-08-25 14:44:52.9640|Marvin.Cache.Headers.HttpCacheHeadersMiddleware|INFO|No saved response found in store. 
2020-08-25 14:44:52.9640|Marvin.Cache.Headers.HttpCacheHeadersMiddleware|INFO|Don't generate 304 - Not Modified.  Continue. 
2020-08-25 14:44:52.9843|Marvin.Cache.Headers.HttpCacheHeadersMiddleware|INFO|Checking for conditional PUT/PATCH. 
2020-08-25 14:44:52.9843|Marvin.Cache.Headers.HttpCacheHeadersMiddleware|INFO|Not valid - method isn't PUT or PATCH. 
2020-08-25 14:44:53.0024|Marvin.Cache.Headers.HttpCacheHeadersMiddleware|INFO|Don't generate 412 - Precondition Failed.  Continue. 
2020-08-25 14:44:53.0556|WebApplication.Controllers.ArticlesController|INFO|[GetArticlesParameter]: WebApplication.Controllers.DtoParameters.ArticleResourceParameters 
2020-08-25 14:46:13.1180|Marvin.Cache.Headers.HttpCacheHeadersMiddleware|INFO|Checking for conditional GET/HEAD. 
2020-08-25 14:46:13.1765|Marvin.Cache.Headers.HttpCacheHeadersMiddleware|INFO|Not valid - no If-None-Match or If-Modified-Since headers. 
2020-08-25 14:46:13.1830|Marvin.Cache.Headers.HttpCacheHeadersMiddleware|INFO|Don't generate 304 - Not Modified.  Continue. 
2020-08-25 14:46:13.1830|Marvin.Cache.Headers.HttpCacheHeadersMiddleware|INFO|Checking for conditional PUT/PATCH. 
2020-08-25 14:46:13.1977|Marvin.Cache.Headers.HttpCacheHeadersMiddleware|INFO|Not valid - method isn't PUT or PATCH. 
2020-08-25 14:46:13.1977|Marvin.Cache.Headers.HttpCacheHeadersMiddleware|INFO|Don't generate 412 - Precondition Failed.  Continue. 
2020-08-25 14:48:33.2311|Marvin.Cache.Headers.HttpCacheHeadersMiddleware|INFO|Checking for conditional GET/HEAD. 
2020-08-25 14:48:33.3014|Marvin.Cache.Headers.HttpCacheHeadersMiddleware|INFO|Not valid - no If-None-Match or If-Modified-Since headers. 
2020-08-25 14:48:33.3014|Marvin.Cache.Headers.HttpCacheHeadersMiddleware|INFO|Don't generate 304 - Not Modified.  Continue. 
2020-08-25 14:48:33.3263|Marvin.Cache.Headers.HttpCacheHeadersMiddleware|INFO|Checking for conditional PUT/PATCH. 
2020-08-25 14:48:33.3263|Marvin.Cache.Headers.HttpCacheHeadersMiddleware|INFO|Not valid - method isn't PUT or PATCH. 
2020-08-25 14:48:33.3263|Marvin.Cache.Headers.HttpCacheHeadersMiddleware|INFO|Don't generate 412 - Precondition Failed.  Continue. 
2020-08-25 14:51:15.6070|Marvin.Cache.Headers.HttpCacheHeadersMiddleware|INFO|Checking for conditional GET/HEAD. 
2020-08-25 14:51:15.6470|Marvin.Cache.Headers.HttpCacheHeadersMiddleware|INFO|Not valid - no If-None-Match or If-Modified-Since headers. 
2020-08-25 14:51:15.6584|Marvin.Cache.Headers.HttpCacheHeadersMiddleware|INFO|Don't generate 304 - Not Modified.  Continue. 
2020-08-25 14:51:15.6584|Marvin.Cache.Headers.HttpCacheHeadersMiddleware|INFO|Checking for conditional PUT/PATCH. 
2020-08-25 14:51:15.6729|Marvin.Cache.Headers.HttpCacheHeadersMiddleware|INFO|Not valid - method isn't PUT or PATCH. 
2020-08-25 14:51:15.6729|Marvin.Cache.Headers.HttpCacheHeadersMiddleware|INFO|Don't generate 412 - Precondition Failed.  Continue. 
2020-08-25 14:51:18.5490|Marvin.Cache.Headers.HttpCacheHeadersMiddleware|INFO|Generating expiration headers. 
2020-08-25 14:51:18.5490|Marvin.Cache.Headers.HttpCacheHeadersMiddleware|INFO|Expiration headers generated. Expires: Tue, 25 Aug 2020 06:52:18 GMT. Cache-Control: public,max-age=60,no-store,must-revalidate. 
2020-08-25 14:51:18.5623|Marvin.Cache.Headers.HttpCacheHeadersMiddleware|INFO|Generating Validation headers. 
2020-08-25 14:51:18.5739|Marvin.Cache.Headers.HttpCacheHeadersMiddleware|INFO|Validation headers generated. ETag: Strong, "B8DBD6420A883E199EBC180899334F9C". Last-Modified: Tue, 25 Aug 2020 06:51:18 GMT 
2020-08-25 14:51:18.5739|Marvin.Cache.Headers.HttpCacheHeadersMiddleware|INFO|Generating Vary header. 
2020-08-25 14:51:18.5739|Marvin.Cache.Headers.HttpCacheHeadersMiddleware|INFO|Vary header generated: Accept, Accept-Language, Accept-Encoding. 
2020-08-25 14:51:18.6044|Marvin.Cache.Headers.HttpCacheHeadersMiddleware|INFO|Generating expiration headers. 
2020-08-25 14:51:18.6044|Marvin.Cache.Headers.HttpCacheHeadersMiddleware|INFO|Expiration headers generated. Expires: Tue, 25 Aug 2020 06:52:18 GMT. Cache-Control: public,max-age=60,no-store,must-revalidate. 
2020-08-25 14:51:18.6044|Marvin.Cache.Headers.HttpCacheHeadersMiddleware|INFO|Generating Validation headers. 
2020-08-25 14:51:18.6237|Marvin.Cache.Headers.HttpCacheHeadersMiddleware|INFO|Validation headers generated. ETag: Strong, "B8DBD6420A883E199EBC180899334F9C". Last-Modified: Tue, 25 Aug 2020 06:51:18 GMT 
2020-08-25 14:51:18.6237|Marvin.Cache.Headers.HttpCacheHeadersMiddleware|INFO|Generating Vary header. 
2020-08-25 14:51:18.6400|Marvin.Cache.Headers.HttpCacheHeadersMiddleware|INFO|Vary header generated: Accept, Accept-Language, Accept-Encoding. 
2020-08-25 14:51:24.8526|Marvin.Cache.Headers.HttpCacheHeadersMiddleware|INFO|Checking for conditional GET/HEAD. 
2020-08-25 14:51:25.0173|Marvin.Cache.Headers.HttpCacheHeadersMiddleware|INFO|Not valid - no If-None-Match or If-Modified-Since headers. 
2020-08-25 14:51:25.0291|Marvin.Cache.Headers.HttpCacheHeadersMiddleware|INFO|Don't generate 304 - Not Modified.  Continue. 
2020-08-25 14:51:25.0453|Marvin.Cache.Headers.HttpCacheHeadersMiddleware|INFO|Checking for conditional PUT/PATCH. 
2020-08-25 14:51:25.0453|Marvin.Cache.Headers.HttpCacheHeadersMiddleware|INFO|Not valid - method isn't PUT or PATCH. 
2020-08-25 14:51:25.0601|Marvin.Cache.Headers.HttpCacheHeadersMiddleware|INFO|Don't generate 412 - Precondition Failed.  Continue. 
2020-08-25 15:22:13.6572|Marvin.Cache.Headers.HttpCacheHeadersMiddleware|INFO|Checking for conditional GET/HEAD. 
2020-08-25 15:22:13.9106|Marvin.Cache.Headers.HttpCacheHeadersMiddleware|INFO|Not valid - no If-None-Match or If-Modified-Since headers. 
2020-08-25 15:22:13.9211|Marvin.Cache.Headers.HttpCacheHeadersMiddleware|INFO|Don't generate 304 - Not Modified.  Continue. 
2020-08-25 15:22:13.9609|Marvin.Cache.Headers.HttpCacheHeadersMiddleware|INFO|Checking for conditional PUT/PATCH. 
2020-08-25 15:22:13.9712|Marvin.Cache.Headers.HttpCacheHeadersMiddleware|INFO|Not valid - method isn't PUT or PATCH. 
2020-08-25 15:22:13.9849|Marvin.Cache.Headers.HttpCacheHeadersMiddleware|INFO|Don't generate 412 - Precondition Failed.  Continue. 
2020-08-25 15:22:26.8099|Marvin.Cache.Headers.HttpCacheHeadersMiddleware|INFO|Generating expiration headers. 
2020-08-25 15:22:26.8855|Marvin.Cache.Headers.HttpCacheHeadersMiddleware|INFO|Expiration headers generated. Expires: Tue, 25 Aug 2020 07:23:26 GMT. Cache-Control: public,max-age=60,no-store,must-revalidate. 
2020-08-25 15:22:26.8855|Marvin.Cache.Headers.HttpCacheHeadersMiddleware|INFO|Generating Validation headers. 
2020-08-25 15:22:26.9211|Marvin.Cache.Headers.HttpCacheHeadersMiddleware|INFO|Validation headers generated. ETag: Strong, "B8DBD6420A883E199EBC180899334F9C". Last-Modified: Tue, 25 Aug 2020 07:22:26 GMT 
2020-08-25 15:22:26.9211|Marvin.Cache.Headers.HttpCacheHeadersMiddleware|INFO|Generating Vary header. 
2020-08-25 15:22:26.9516|Marvin.Cache.Headers.HttpCacheHeadersMiddleware|INFO|Vary header generated: Accept, Accept-Language, Accept-Encoding. 
2020-08-25 15:41:46.8269|Marvin.Cache.Headers.HttpCacheHeadersMiddleware|INFO|Checking for conditional GET/HEAD. 
2020-08-25 15:41:46.8483|Marvin.Cache.Headers.HttpCacheHeadersMiddleware|INFO|Not valid - method isn't GET or HEAD. 
2020-08-25 15:41:46.8558|Marvin.Cache.Headers.HttpCacheHeadersMiddleware|INFO|Don't generate 304 - Not Modified.  Continue. 
2020-08-25 15:41:46.8558|Marvin.Cache.Headers.HttpCacheHeadersMiddleware|INFO|Checking for conditional PUT/PATCH. 
2020-08-25 15:41:46.8558|Marvin.Cache.Headers.HttpCacheHeadersMiddleware|INFO|Not valid - method isn't PUT or PATCH. 
2020-08-25 15:41:46.8734|Marvin.Cache.Headers.HttpCacheHeadersMiddleware|INFO|Don't generate 412 - Precondition Failed.  Continue. 
2020-08-25 15:41:48.7872|Marvin.Cache.Headers.HttpCacheHeadersMiddleware|INFO|Generating expiration headers. 
2020-08-25 15:41:48.7933|Marvin.Cache.Headers.HttpCacheHeadersMiddleware|INFO|Expiration headers generated. Expires: Tue, 25 Aug 2020 07:42:48 GMT. Cache-Control: public,max-age=60,must-revalidate. 
2020-08-25 15:41:48.7933|Marvin.Cache.Headers.HttpCacheHeadersMiddleware|INFO|Not generating Validation headers as the response status code does not indicate succes. 
2020-08-25 15:41:48.7933|Marvin.Cache.Headers.HttpCacheHeadersMiddleware|INFO|Generating Vary header. 
2020-08-25 15:41:48.8105|Marvin.Cache.Headers.HttpCacheHeadersMiddleware|INFO|Vary header generated: Accept, Accept-Language, Accept-Encoding. 
2020-08-25 15:42:34.4197|Marvin.Cache.Headers.HttpCacheHeadersMiddleware|INFO|Checking for conditional GET/HEAD. 
2020-08-25 15:42:34.4197|Marvin.Cache.Headers.HttpCacheHeadersMiddleware|INFO|Not valid - method isn't GET or HEAD. 
2020-08-25 15:42:34.4379|Marvin.Cache.Headers.HttpCacheHeadersMiddleware|INFO|Don't generate 304 - Not Modified.  Continue. 
2020-08-25 15:42:34.4379|Marvin.Cache.Headers.HttpCacheHeadersMiddleware|INFO|Checking for conditional PUT/PATCH. 
2020-08-25 15:42:34.4518|Marvin.Cache.Headers.HttpCacheHeadersMiddleware|INFO|Not valid - method isn't PUT or PATCH. 
2020-08-25 15:42:34.4518|Marvin.Cache.Headers.HttpCacheHeadersMiddleware|INFO|Don't generate 412 - Precondition Failed.  Continue. 
2020-08-25 15:42:34.5628|Marvin.Cache.Headers.HttpCacheHeadersMiddleware|INFO|Generating expiration headers. 
2020-08-25 15:42:34.5628|Marvin.Cache.Headers.HttpCacheHeadersMiddleware|INFO|Expiration headers generated. Expires: Tue, 25 Aug 2020 07:43:34 GMT. Cache-Control: public,max-age=60,must-revalidate. 
2020-08-25 15:42:34.5745|Marvin.Cache.Headers.HttpCacheHeadersMiddleware|INFO|Not generating Validation headers as the response status code does not indicate succes. 
2020-08-25 15:42:34.5745|Marvin.Cache.Headers.HttpCacheHeadersMiddleware|INFO|Generating Vary header. 
2020-08-25 15:42:34.5745|Marvin.Cache.Headers.HttpCacheHeadersMiddleware|INFO|Vary header generated: Accept, Accept-Language, Accept-Encoding. 
2020-08-25 15:42:39.3572|Marvin.Cache.Headers.HttpCacheHeadersMiddleware|INFO|Checking for conditional GET/HEAD. 
2020-08-25 15:42:39.3702|Marvin.Cache.Headers.HttpCacheHeadersMiddleware|INFO|Not valid - no If-None-Match or If-Modified-Since headers. 
2020-08-25 15:42:39.3702|Marvin.Cache.Headers.HttpCacheHeadersMiddleware|INFO|Don't generate 304 - Not Modified.  Continue. 
2020-08-25 15:42:39.3860|Marvin.Cache.Headers.HttpCacheHeadersMiddleware|INFO|Checking for conditional PUT/PATCH. 
2020-08-25 15:42:39.3860|Marvin.Cache.Headers.HttpCacheHeadersMiddleware|INFO|Not valid - method isn't PUT or PATCH. 
2020-08-25 15:42:39.3860|Marvin.Cache.Headers.HttpCacheHeadersMiddleware|INFO|Don't generate 412 - Precondition Failed.  Continue. 
2020-08-25 15:42:40.1019|Marvin.Cache.Headers.HttpCacheHeadersMiddleware|INFO|Generating expiration headers. 
2020-08-25 15:42:40.1070|Marvin.Cache.Headers.HttpCacheHeadersMiddleware|INFO|Expiration headers generated. Expires: Tue, 25 Aug 2020 07:43:40 GMT. Cache-Control: public,max-age=60,must-revalidate. 
2020-08-25 15:42:40.1070|Marvin.Cache.Headers.HttpCacheHeadersMiddleware|INFO|Generating Validation headers. 
2020-08-25 15:42:40.1228|Marvin.Cache.Headers.HttpCacheHeadersMiddleware|INFO|Validation headers generated. ETag: Strong, "2D5A0611EC80F2663E939A54F8BD8849". Last-Modified: Tue, 25 Aug 2020 07:42:40 GMT 
2020-08-25 15:42:40.1228|Marvin.Cache.Headers.HttpCacheHeadersMiddleware|INFO|Generating Vary header. 
2020-08-25 15:42:40.1228|Marvin.Cache.Headers.HttpCacheHeadersMiddleware|INFO|Vary header generated: Accept, Accept-Language, Accept-Encoding. 
2020-08-25 15:42:43.6414|Marvin.Cache.Headers.HttpCacheHeadersMiddleware|INFO|Checking for conditional GET/HEAD. 
2020-08-25 15:42:43.6509|Marvin.Cache.Headers.HttpCacheHeadersMiddleware|INFO|Not valid - method isn't GET or HEAD. 
2020-08-25 15:42:43.6509|Marvin.Cache.Headers.HttpCacheHeadersMiddleware|INFO|Don't generate 304 - Not Modified.  Continue. 
2020-08-25 15:42:43.6509|Marvin.Cache.Headers.HttpCacheHeadersMiddleware|INFO|Checking for conditional PUT/PATCH. 
2020-08-25 15:42:43.6778|Marvin.Cache.Headers.HttpCacheHeadersMiddleware|INFO|Not valid - method isn't PUT or PATCH. 
2020-08-25 15:42:43.6860|Marvin.Cache.Headers.HttpCacheHeadersMiddleware|INFO|Don't generate 412 - Precondition Failed.  Continue. 
2020-08-25 15:42:43.7144|Marvin.Cache.Headers.HttpCacheHeadersMiddleware|INFO|Generating expiration headers. 
2020-08-25 15:42:43.7144|Marvin.Cache.Headers.HttpCacheHeadersMiddleware|INFO|Expiration headers generated. Expires: Tue, 25 Aug 2020 07:43:43 GMT. Cache-Control: public,max-age=60,must-revalidate. 
2020-08-25 15:42:43.7144|Marvin.Cache.Headers.HttpCacheHeadersMiddleware|INFO|Not generating Validation headers as the response status code does not indicate succes. 
2020-08-25 15:42:43.7322|Marvin.Cache.Headers.HttpCacheHeadersMiddleware|INFO|Generating Vary header. 
2020-08-25 15:42:43.7322|Marvin.Cache.Headers.HttpCacheHeadersMiddleware|INFO|Vary header generated: Accept, Accept-Language, Accept-Encoding. 
2020-08-25 15:44:01.9388|Marvin.Cache.Headers.HttpCacheHeadersMiddleware|INFO|Checking for conditional GET/HEAD. 
2020-08-25 15:44:01.9388|Marvin.Cache.Headers.HttpCacheHeadersMiddleware|INFO|Not valid - method isn't GET or HEAD. 
2020-08-25 15:44:01.9534|Marvin.Cache.Headers.HttpCacheHeadersMiddleware|INFO|Don't generate 304 - Not Modified.  Continue. 
2020-08-25 15:44:01.9534|Marvin.Cache.Headers.HttpCacheHeadersMiddleware|INFO|Checking for conditional PUT/PATCH. 
2020-08-25 15:44:01.9629|Marvin.Cache.Headers.HttpCacheHeadersMiddleware|INFO|Not valid - method isn't PUT or PATCH. 
2020-08-25 15:44:01.9629|Marvin.Cache.Headers.HttpCacheHeadersMiddleware|INFO|Don't generate 412 - Precondition Failed.  Continue. 
2020-08-25 15:44:02.0933|Marvin.Cache.Headers.HttpCacheHeadersMiddleware|INFO|Generating expiration headers. 
2020-08-25 15:44:02.0933|Marvin.Cache.Headers.HttpCacheHeadersMiddleware|INFO|Expiration headers generated. Expires: Tue, 25 Aug 2020 07:45:02 GMT. Cache-Control: public,max-age=60,must-revalidate. 
2020-08-25 15:44:02.1038|Marvin.Cache.Headers.HttpCacheHeadersMiddleware|INFO|Not generating Validation headers as the response status code does not indicate succes. 
2020-08-25 15:44:02.1038|Marvin.Cache.Headers.HttpCacheHeadersMiddleware|INFO|Generating Vary header. 
2020-08-25 15:44:02.1038|Marvin.Cache.Headers.HttpCacheHeadersMiddleware|INFO|Vary header generated: Accept, Accept-Language, Accept-Encoding. 
2020-08-25 15:44:14.8193|Marvin.Cache.Headers.HttpCacheHeadersMiddleware|INFO|Checking for conditional GET/HEAD. 
2020-08-25 15:44:14.8294|Marvin.Cache.Headers.HttpCacheHeadersMiddleware|INFO|Not valid - method isn't GET or HEAD. 
2020-08-25 15:44:14.8294|Marvin.Cache.Headers.HttpCacheHeadersMiddleware|INFO|Don't generate 304 - Not Modified.  Continue. 
2020-08-25 15:44:14.8441|Marvin.Cache.Headers.HttpCacheHeadersMiddleware|INFO|Checking for conditional PUT/PATCH. 
2020-08-25 15:44:14.8441|Marvin.Cache.Headers.HttpCacheHeadersMiddleware|INFO|Not valid - method isn't PUT or PATCH. 
2020-08-25 15:44:14.8560|Marvin.Cache.Headers.HttpCacheHeadersMiddleware|INFO|Don't generate 412 - Precondition Failed.  Continue. 
2020-08-25 15:44:14.9784|Marvin.Cache.Headers.HttpCacheHeadersMiddleware|INFO|Generating expiration headers. 
2020-08-25 15:44:14.9842|Marvin.Cache.Headers.HttpCacheHeadersMiddleware|INFO|Expiration headers generated. Expires: Tue, 25 Aug 2020 07:45:14 GMT. Cache-Control: public,max-age=60,must-revalidate. 
2020-08-25 15:44:14.9842|Marvin.Cache.Headers.HttpCacheHeadersMiddleware|INFO|Not generating Validation headers as the response status code does not indicate succes. 
2020-08-25 15:44:14.9842|Marvin.Cache.Headers.HttpCacheHeadersMiddleware|INFO|Generating Vary header. 
2020-08-25 15:44:14.9994|Marvin.Cache.Headers.HttpCacheHeadersMiddleware|INFO|Vary header generated: Accept, Accept-Language, Accept-Encoding. 
2020-08-25 15:44:24.9230|Marvin.Cache.Headers.HttpCacheHeadersMiddleware|INFO|Checking for conditional GET/HEAD. 
2020-08-25 15:44:24.9230|Marvin.Cache.Headers.HttpCacheHeadersMiddleware|INFO|Not valid - method isn't GET or HEAD. 
2020-08-25 15:44:24.9366|Marvin.Cache.Headers.HttpCacheHeadersMiddleware|INFO|Don't generate 304 - Not Modified.  Continue. 
2020-08-25 15:44:24.9366|Marvin.Cache.Headers.HttpCacheHeadersMiddleware|INFO|Checking for conditional PUT/PATCH. 
2020-08-25 15:44:24.9489|Marvin.Cache.Headers.HttpCacheHeadersMiddleware|INFO|Not valid - method isn't PUT or PATCH. 
2020-08-25 15:44:24.9489|Marvin.Cache.Headers.HttpCacheHeadersMiddleware|INFO|Don't generate 412 - Precondition Failed.  Continue. 
2020-08-25 15:44:24.9656|Marvin.Cache.Headers.HttpCacheHeadersMiddleware|INFO|Generating expiration headers. 
2020-08-25 15:44:24.9656|Marvin.Cache.Headers.HttpCacheHeadersMiddleware|INFO|Expiration headers generated. Expires: Tue, 25 Aug 2020 07:45:24 GMT. Cache-Control: public,max-age=60,must-revalidate. 
2020-08-25 15:44:24.9796|Marvin.Cache.Headers.HttpCacheHeadersMiddleware|INFO|Not generating Validation headers as the response status code does not indicate succes. 
2020-08-25 15:44:24.9796|Marvin.Cache.Headers.HttpCacheHeadersMiddleware|INFO|Generating Vary header. 
2020-08-25 15:44:24.9796|Marvin.Cache.Headers.HttpCacheHeadersMiddleware|INFO|Vary header generated: Accept, Accept-Language, Accept-Encoding. 
2020-08-25 15:44:30.9340|Marvin.Cache.Headers.HttpCacheHeadersMiddleware|INFO|Checking for conditional GET/HEAD. 
2020-08-25 15:44:30.9340|Marvin.Cache.Headers.HttpCacheHeadersMiddleware|INFO|Not valid - no If-None-Match or If-Modified-Since headers. 
2020-08-25 15:44:30.9571|Marvin.Cache.Headers.HttpCacheHeadersMiddleware|INFO|Don't generate 304 - Not Modified.  Continue. 
2020-08-25 15:44:30.9571|Marvin.Cache.Headers.HttpCacheHeadersMiddleware|INFO|Checking for conditional PUT/PATCH. 
2020-08-25 15:44:30.9684|Marvin.Cache.Headers.HttpCacheHeadersMiddleware|INFO|Not valid - method isn't PUT or PATCH. 
2020-08-25 15:44:30.9684|Marvin.Cache.Headers.HttpCacheHeadersMiddleware|INFO|Don't generate 412 - Precondition Failed.  Continue. 
2020-08-25 15:44:31.2489|Marvin.Cache.Headers.HttpCacheHeadersMiddleware|INFO|Generating expiration headers. 
2020-08-25 15:44:31.2489|Marvin.Cache.Headers.HttpCacheHeadersMiddleware|INFO|Expiration headers generated. Expires: Tue, 25 Aug 2020 07:45:31 GMT. Cache-Control: public,max-age=60,must-revalidate. 
2020-08-25 15:44:31.2489|Marvin.Cache.Headers.HttpCacheHeadersMiddleware|INFO|Generating Validation headers. 
2020-08-25 15:44:31.2684|Marvin.Cache.Headers.HttpCacheHeadersMiddleware|INFO|Validation headers generated. ETag: Strong, "DCBBB724404584E7353207BD51A613A3". Last-Modified: Tue, 25 Aug 2020 07:44:31 GMT 
2020-08-25 15:44:31.2684|Marvin.Cache.Headers.HttpCacheHeadersMiddleware|INFO|Generating Vary header. 
2020-08-25 15:44:31.2785|Marvin.Cache.Headers.HttpCacheHeadersMiddleware|INFO|Vary header generated: Accept, Accept-Language, Accept-Encoding. 
2020-08-25 15:44:37.0218|Marvin.Cache.Headers.HttpCacheHeadersMiddleware|INFO|Checking for conditional GET/HEAD. 
2020-08-25 15:44:37.0290|Marvin.Cache.Headers.HttpCacheHeadersMiddleware|INFO|Not valid - method isn't GET or HEAD. 
2020-08-25 15:44:37.0290|Marvin.Cache.Headers.HttpCacheHeadersMiddleware|INFO|Don't generate 304 - Not Modified.  Continue. 
2020-08-25 15:44:37.0444|Marvin.Cache.Headers.HttpCacheHeadersMiddleware|INFO|Checking for conditional PUT/PATCH. 
2020-08-25 15:44:37.0444|Marvin.Cache.Headers.HttpCacheHeadersMiddleware|INFO|Not valid - method isn't PUT or PATCH. 
2020-08-25 15:44:37.0444|Marvin.Cache.Headers.HttpCacheHeadersMiddleware|INFO|Don't generate 412 - Precondition Failed.  Continue. 
2020-08-25 15:44:38.5118|Marvin.Cache.Headers.HttpCacheHeadersMiddleware|INFO|Generating expiration headers. 
2020-08-25 15:44:38.5118|Marvin.Cache.Headers.HttpCacheHeadersMiddleware|INFO|Expiration headers generated. Expires: Tue, 25 Aug 2020 07:45:38 GMT. Cache-Control: public,max-age=60,must-revalidate. 
2020-08-25 15:44:38.5118|Marvin.Cache.Headers.HttpCacheHeadersMiddleware|INFO|Generating Validation headers. 
2020-08-25 15:44:38.5270|Marvin.Cache.Headers.HttpCacheHeadersMiddleware|INFO|Validation headers generated. ETag: Strong, "950944189DDBF9C49FF7D2E7C6263FFC". Last-Modified: Tue, 25 Aug 2020 07:44:38 GMT 
2020-08-25 15:44:38.5270|Marvin.Cache.Headers.HttpCacheHeadersMiddleware|INFO|Generating Vary header. 
2020-08-25 15:44:38.5270|Marvin.Cache.Headers.HttpCacheHeadersMiddleware|INFO|Vary header generated: Accept, Accept-Language, Accept-Encoding. 
2020-08-25 15:45:38.0141|Marvin.Cache.Headers.HttpCacheHeadersMiddleware|INFO|Checking for conditional GET/HEAD. 
2020-08-25 15:45:38.0141|Marvin.Cache.Headers.HttpCacheHeadersMiddleware|INFO|Not valid - method isn't GET or HEAD. 
2020-08-25 15:45:38.0372|Marvin.Cache.Headers.HttpCacheHeadersMiddleware|INFO|Don't generate 304 - Not Modified.  Continue. 
2020-08-25 15:45:38.0424|Marvin.Cache.Headers.HttpCacheHeadersMiddleware|INFO|Checking for conditional PUT/PATCH. 
2020-08-25 15:45:38.0424|Marvin.Cache.Headers.HttpCacheHeadersMiddleware|INFO|Not valid - method isn't PUT or PATCH. 
2020-08-25 15:45:38.0424|Marvin.Cache.Headers.HttpCacheHeadersMiddleware|INFO|Don't generate 412 - Precondition Failed.  Continue. 
2020-08-25 15:45:38.5124|Marvin.Cache.Headers.HttpCacheHeadersMiddleware|INFO|Generating expiration headers. 
2020-08-25 15:45:38.5124|Marvin.Cache.Headers.HttpCacheHeadersMiddleware|INFO|Expiration headers generated. Expires: Tue, 25 Aug 2020 07:46:38 GMT. Cache-Control: public,max-age=60,must-revalidate. 
2020-08-25 15:45:38.5124|Marvin.Cache.Headers.HttpCacheHeadersMiddleware|INFO|Generating Validation headers. 
2020-08-25 15:45:38.5269|Marvin.Cache.Headers.HttpCacheHeadersMiddleware|INFO|Validation headers generated. ETag: Strong, "FC2F7D069CDD7A0E5F179B50BBDD39AA". Last-Modified: Tue, 25 Aug 2020 07:45:38 GMT 
2020-08-25 15:45:38.5269|Marvin.Cache.Headers.HttpCacheHeadersMiddleware|INFO|Generating Vary header. 
2020-08-25 15:45:38.5269|Marvin.Cache.Headers.HttpCacheHeadersMiddleware|INFO|Vary header generated: Accept, Accept-Language, Accept-Encoding. 
2020-08-25 15:45:43.1072|Marvin.Cache.Headers.HttpCacheHeadersMiddleware|INFO|Checking for conditional GET/HEAD. 
2020-08-25 15:45:43.1072|Marvin.Cache.Headers.HttpCacheHeadersMiddleware|INFO|Not valid - no If-None-Match or If-Modified-Since headers. 
2020-08-25 15:45:43.1222|Marvin.Cache.Headers.HttpCacheHeadersMiddleware|INFO|Don't generate 304 - Not Modified.  Continue. 
2020-08-25 15:45:43.1222|Marvin.Cache.Headers.HttpCacheHeadersMiddleware|INFO|Checking for conditional PUT/PATCH. 
2020-08-25 15:45:43.1421|Marvin.Cache.Headers.HttpCacheHeadersMiddleware|INFO|Not valid - method isn't PUT or PATCH. 
2020-08-25 15:45:43.1551|Marvin.Cache.Headers.HttpCacheHeadersMiddleware|INFO|Don't generate 412 - Precondition Failed.  Continue. 
2020-08-25 16:04:07.5614|Marvin.Cache.Headers.HttpCacheHeadersMiddleware|INFO|Checking for conditional GET/HEAD. 
2020-08-25 16:04:07.5962|Marvin.Cache.Headers.HttpCacheHeadersMiddleware|INFO|Not valid - no If-None-Match or If-Modified-Since headers. 
2020-08-25 16:04:07.5962|Marvin.Cache.Headers.HttpCacheHeadersMiddleware|INFO|Don't generate 304 - Not Modified.  Continue. 
2020-08-25 16:04:07.6081|Marvin.Cache.Headers.HttpCacheHeadersMiddleware|INFO|Checking for conditional PUT/PATCH. 
2020-08-25 16:04:07.6081|Marvin.Cache.Headers.HttpCacheHeadersMiddleware|INFO|Not valid - method isn't PUT or PATCH. 
2020-08-25 16:04:07.6081|Marvin.Cache.Headers.HttpCacheHeadersMiddleware|INFO|Don't generate 412 - Precondition Failed.  Continue. 
2020-08-25 16:05:08.6029|Marvin.Cache.Headers.HttpCacheHeadersMiddleware|INFO|Checking for conditional GET/HEAD. 
2020-08-25 16:05:08.6260|Marvin.Cache.Headers.HttpCacheHeadersMiddleware|INFO|Not valid - no If-None-Match or If-Modified-Since headers. 
2020-08-25 16:05:08.6260|Marvin.Cache.Headers.HttpCacheHeadersMiddleware|INFO|Don't generate 304 - Not Modified.  Continue. 
2020-08-25 16:05:08.6391|Marvin.Cache.Headers.HttpCacheHeadersMiddleware|INFO|Checking for conditional PUT/PATCH. 
2020-08-25 16:05:08.6391|Marvin.Cache.Headers.HttpCacheHeadersMiddleware|INFO|Not valid - method isn't PUT or PATCH. 
2020-08-25 16:05:08.6391|Marvin.Cache.Headers.HttpCacheHeadersMiddleware|INFO|Don't generate 412 - Precondition Failed.  Continue. 
2020-08-25 16:05:10.6248|Marvin.Cache.Headers.HttpCacheHeadersMiddleware|INFO|Generating expiration headers. 
2020-08-25 16:05:10.6248|Marvin.Cache.Headers.HttpCacheHeadersMiddleware|INFO|Expiration headers generated. Expires: Tue, 25 Aug 2020 08:06:10 GMT. Cache-Control: public,max-age=60,no-store,must-revalidate. 
2020-08-25 16:05:10.6371|Marvin.Cache.Headers.HttpCacheHeadersMiddleware|INFO|Not generating Validation headers as the response status code does not indicate succes. 
2020-08-25 16:05:10.6371|Marvin.Cache.Headers.HttpCacheHeadersMiddleware|INFO|Generating Vary header. 
2020-08-25 16:05:10.6371|Marvin.Cache.Headers.HttpCacheHeadersMiddleware|INFO|Vary header generated: Accept, Accept-Language, Accept-Encoding. 
2020-08-25 16:29:47.2586|Marvin.Cache.Headers.HttpCacheHeadersMiddleware|INFO|Checking for conditional GET/HEAD. 
2020-08-25 16:29:47.2855|Marvin.Cache.Headers.HttpCacheHeadersMiddleware|INFO|Not valid - no If-None-Match or If-Modified-Since headers. 
2020-08-25 16:29:47.2933|Marvin.Cache.Headers.HttpCacheHeadersMiddleware|INFO|Don't generate 304 - Not Modified.  Continue. 
2020-08-25 16:29:47.3602|Marvin.Cache.Headers.HttpCacheHeadersMiddleware|INFO|Checking for conditional PUT/PATCH. 
2020-08-25 16:29:47.4344|Marvin.Cache.Headers.HttpCacheHeadersMiddleware|INFO|Not valid - method isn't PUT or PATCH. 
2020-08-25 16:29:47.4726|Marvin.Cache.Headers.HttpCacheHeadersMiddleware|INFO|Don't generate 412 - Precondition Failed.  Continue. 
2020-08-25 16:32:35.2514|Marvin.Cache.Headers.HttpCacheHeadersMiddleware|INFO|Checking for conditional GET/HEAD. 
2020-08-25 16:32:35.2755|Marvin.Cache.Headers.HttpCacheHeadersMiddleware|INFO|Not valid - no If-None-Match or If-Modified-Since headers. 
2020-08-25 16:32:35.2755|Marvin.Cache.Headers.HttpCacheHeadersMiddleware|INFO|Don't generate 304 - Not Modified.  Continue. 
2020-08-25 16:32:35.2921|Marvin.Cache.Headers.HttpCacheHeadersMiddleware|INFO|Checking for conditional PUT/PATCH. 
2020-08-25 16:32:35.2921|Marvin.Cache.Headers.HttpCacheHeadersMiddleware|INFO|Not valid - method isn't PUT or PATCH. 
2020-08-25 16:32:35.2921|Marvin.Cache.Headers.HttpCacheHeadersMiddleware|INFO|Don't generate 412 - Precondition Failed.  Continue. 
2020-08-25 16:32:36.5539|Marvin.Cache.Headers.HttpCacheHeadersMiddleware|INFO|Generating expiration headers. 
2020-08-25 16:32:36.5597|Marvin.Cache.Headers.HttpCacheHeadersMiddleware|INFO|Expiration headers generated. Expires: Tue, 25 Aug 2020 08:33:36 GMT. Cache-Control: public,max-age=60,no-store,must-revalidate. 
2020-08-25 16:32:36.5597|Marvin.Cache.Headers.HttpCacheHeadersMiddleware|INFO|Not generating Validation headers as the response status code does not indicate succes. 
2020-08-25 16:32:36.5597|Marvin.Cache.Headers.HttpCacheHeadersMiddleware|INFO|Generating Vary header. 
2020-08-25 16:32:36.5780|Marvin.Cache.Headers.HttpCacheHeadersMiddleware|INFO|Vary header generated: Accept, Accept-Language, Accept-Encoding. 
2020-08-25 16:45:05.5315|Marvin.Cache.Headers.HttpCacheHeadersMiddleware|INFO|Checking for conditional GET/HEAD. 
2020-08-25 16:45:05.5585|Marvin.Cache.Headers.HttpCacheHeadersMiddleware|INFO|Not valid - no If-None-Match or If-Modified-Since headers. 
2020-08-25 16:45:05.5585|Marvin.Cache.Headers.HttpCacheHeadersMiddleware|INFO|Don't generate 304 - Not Modified.  Continue. 
2020-08-25 16:45:05.5753|Marvin.Cache.Headers.HttpCacheHeadersMiddleware|INFO|Checking for conditional PUT/PATCH. 
2020-08-25 16:45:05.5753|Marvin.Cache.Headers.HttpCacheHeadersMiddleware|INFO|Not valid - method isn't PUT or PATCH. 
2020-08-25 16:45:05.6277|Marvin.Cache.Headers.HttpCacheHeadersMiddleware|INFO|Don't generate 412 - Precondition Failed.  Continue. 
2020-08-25 16:53:35.3765|Marvin.Cache.Headers.HttpCacheHeadersMiddleware|INFO|Checking for conditional GET/HEAD. 
2020-08-25 16:53:35.4254|Marvin.Cache.Headers.HttpCacheHeadersMiddleware|INFO|Not valid - no If-None-Match or If-Modified-Since headers. 
2020-08-25 16:53:35.4314|Marvin.Cache.Headers.HttpCacheHeadersMiddleware|INFO|Don't generate 304 - Not Modified.  Continue. 
2020-08-25 16:53:35.4314|Marvin.Cache.Headers.HttpCacheHeadersMiddleware|INFO|Checking for conditional PUT/PATCH. 
2020-08-25 16:53:35.4314|Marvin.Cache.Headers.HttpCacheHeadersMiddleware|INFO|Not valid - method isn't PUT or PATCH. 
2020-08-25 16:53:35.4512|Marvin.Cache.Headers.HttpCacheHeadersMiddleware|INFO|Don't generate 412 - Precondition Failed.  Continue. 
2020-08-25 16:59:28.9301|Marvin.Cache.Headers.HttpCacheHeadersMiddleware|INFO|Checking for conditional GET/HEAD. 
2020-08-25 16:59:28.9563|Marvin.Cache.Headers.HttpCacheHeadersMiddleware|INFO|Not valid - no If-None-Match or If-Modified-Since headers. 
2020-08-25 16:59:28.9563|Marvin.Cache.Headers.HttpCacheHeadersMiddleware|INFO|Don't generate 304 - Not Modified.  Continue. 
2020-08-25 16:59:28.9689|Marvin.Cache.Headers.HttpCacheHeadersMiddleware|INFO|Checking for conditional PUT/PATCH. 
2020-08-25 16:59:28.9689|Marvin.Cache.Headers.HttpCacheHeadersMiddleware|INFO|Not valid - method isn't PUT or PATCH. 
2020-08-25 16:59:28.9790|Marvin.Cache.Headers.HttpCacheHeadersMiddleware|INFO|Don't generate 412 - Precondition Failed.  Continue. 
2020-08-25 16:59:37.0414|Marvin.Cache.Headers.HttpCacheHeadersMiddleware|INFO|Generating expiration headers. 
2020-08-25 16:59:37.0414|Marvin.Cache.Headers.HttpCacheHeadersMiddleware|INFO|Expiration headers generated. Expires: Tue, 25 Aug 2020 09:00:37 GMT. Cache-Control: public,max-age=60,no-store,must-revalidate. 
2020-08-25 16:59:37.0414|Marvin.Cache.Headers.HttpCacheHeadersMiddleware|INFO|Generating Validation headers. 
2020-08-25 16:59:37.0801|Marvin.Cache.Headers.HttpCacheHeadersMiddleware|INFO|Validation headers generated. ETag: Strong, "FA5B283F1F8EB254480F9B679F97A078". Last-Modified: Tue, 25 Aug 2020 08:59:37 GMT 
2020-08-25 16:59:37.0801|Marvin.Cache.Headers.HttpCacheHeadersMiddleware|INFO|Generating Vary header. 
2020-08-25 16:59:37.0916|Marvin.Cache.Headers.HttpCacheHeadersMiddleware|INFO|Vary header generated: Accept, Accept-Language, Accept-Encoding. 
2020-08-25 16:59:43.9445|Marvin.Cache.Headers.HttpCacheHeadersMiddleware|INFO|Checking for conditional GET/HEAD. 
2020-08-25 16:59:43.9505|Marvin.Cache.Headers.HttpCacheHeadersMiddleware|INFO|Not valid - method isn't GET or HEAD. 
2020-08-25 16:59:43.9505|Marvin.Cache.Headers.HttpCacheHeadersMiddleware|INFO|Don't generate 304 - Not Modified.  Continue. 
2020-08-25 16:59:43.9505|Marvin.Cache.Headers.HttpCacheHeadersMiddleware|INFO|Checking for conditional PUT/PATCH. 
2020-08-25 16:59:43.9686|Marvin.Cache.Headers.HttpCacheHeadersMiddleware|INFO|Not valid - no If Match or If Unmodified-Since headers. 
2020-08-25 16:59:43.9686|Marvin.Cache.Headers.HttpCacheHeadersMiddleware|INFO|Don't generate 412 - Precondition Failed.  Continue. 
2020-08-25 16:59:44.6055|Marvin.Cache.Headers.HttpCacheHeadersMiddleware|INFO|Generating expiration headers. 
2020-08-25 16:59:44.6055|Marvin.Cache.Headers.HttpCacheHeadersMiddleware|INFO|Expiration headers generated. Expires: Tue, 25 Aug 2020 09:00:44 GMT. Cache-Control: public,max-age=60. 
2020-08-25 16:59:44.6055|Marvin.Cache.Headers.HttpCacheHeadersMiddleware|INFO|Generating Validation headers. 
2020-08-25 16:59:44.6213|Marvin.Cache.Headers.HttpCacheHeadersMiddleware|INFO|Validation headers generated. ETag: Strong, "141E6C7C9F723A4631BE67FBFE530EEC". Last-Modified: Tue, 25 Aug 2020 08:59:44 GMT 
2020-08-25 16:59:44.6213|Marvin.Cache.Headers.HttpCacheHeadersMiddleware|INFO|Generating Vary header. 
2020-08-25 16:59:44.6213|Marvin.Cache.Headers.HttpCacheHeadersMiddleware|INFO|Vary header generated: Accept, Accept-Language, Accept-Encoding. 
2020-08-25 16:59:59.4288|Marvin.Cache.Headers.HttpCacheHeadersMiddleware|INFO|Checking for conditional GET/HEAD. 
2020-08-25 16:59:59.4372|Marvin.Cache.Headers.HttpCacheHeadersMiddleware|INFO|Not valid - no If-None-Match or If-Modified-Since headers. 
2020-08-25 16:59:59.4372|Marvin.Cache.Headers.HttpCacheHeadersMiddleware|INFO|Don't generate 304 - Not Modified.  Continue. 
2020-08-25 16:59:59.4505|Marvin.Cache.Headers.HttpCacheHeadersMiddleware|INFO|Checking for conditional PUT/PATCH. 
2020-08-25 16:59:59.4505|Marvin.Cache.Headers.HttpCacheHeadersMiddleware|INFO|Not valid - method isn't PUT or PATCH. 
2020-08-25 16:59:59.4635|Marvin.Cache.Headers.HttpCacheHeadersMiddleware|INFO|Don't generate 412 - Precondition Failed.  Continue. 
2020-08-25 16:59:59.5429|Marvin.Cache.Headers.HttpCacheHeadersMiddleware|INFO|Generating expiration headers. 
2020-08-25 16:59:59.5654|Marvin.Cache.Headers.HttpCacheHeadersMiddleware|INFO|Expiration headers generated. Expires: Tue, 25 Aug 2020 09:00:59 GMT. Cache-Control: public,max-age=60,no-store,must-revalidate. 
2020-08-25 16:59:59.5654|Marvin.Cache.Headers.HttpCacheHeadersMiddleware|INFO|Generating Validation headers. 
2020-08-25 16:59:59.5762|Marvin.Cache.Headers.HttpCacheHeadersMiddleware|INFO|Validation headers generated. ETag: Strong, "5D0E969D074000EDD75947C2E10B23B3". Last-Modified: Tue, 25 Aug 2020 08:59:59 GMT 
2020-08-25 16:59:59.5762|Marvin.Cache.Headers.HttpCacheHeadersMiddleware|INFO|Generating Vary header. 
2020-08-25 16:59:59.5762|Marvin.Cache.Headers.HttpCacheHeadersMiddleware|INFO|Vary header generated: Accept, Accept-Language, Accept-Encoding. 
2020-08-25 17:00:36.1412|Marvin.Cache.Headers.HttpCacheHeadersMiddleware|INFO|Checking for conditional GET/HEAD. 
2020-08-25 17:00:36.1412|Marvin.Cache.Headers.HttpCacheHeadersMiddleware|INFO|Not valid - method isn't GET or HEAD. 
2020-08-25 17:00:36.1528|Marvin.Cache.Headers.HttpCacheHeadersMiddleware|INFO|Don't generate 304 - Not Modified.  Continue. 
2020-08-25 17:00:36.1528|Marvin.Cache.Headers.HttpCacheHeadersMiddleware|INFO|Checking for conditional PUT/PATCH. 
2020-08-25 17:00:36.1528|Marvin.Cache.Headers.HttpCacheHeadersMiddleware|INFO|Not valid - method isn't PUT or PATCH. 
2020-08-25 17:00:36.1675|Marvin.Cache.Headers.HttpCacheHeadersMiddleware|INFO|Don't generate 412 - Precondition Failed.  Continue. 
2020-08-25 17:00:36.1984|Marvin.Cache.Headers.HttpCacheHeadersMiddleware|INFO|Generating expiration headers. 
2020-08-25 17:00:36.1984|Marvin.Cache.Headers.HttpCacheHeadersMiddleware|INFO|Expiration headers generated. Expires: Tue, 25 Aug 2020 09:01:36 GMT. Cache-Control: public,max-age=60,must-revalidate. 
2020-08-25 17:00:36.1984|Marvin.Cache.Headers.HttpCacheHeadersMiddleware|INFO|Not generating Validation headers as the response status code does not indicate succes. 
2020-08-25 17:00:36.2136|Marvin.Cache.Headers.HttpCacheHeadersMiddleware|INFO|Generating Vary header. 
2020-08-25 17:00:36.2136|Marvin.Cache.Headers.HttpCacheHeadersMiddleware|INFO|Vary header generated: Accept, Accept-Language, Accept-Encoding. 
2020-08-25 17:01:17.5893|Marvin.Cache.Headers.HttpCacheHeadersMiddleware|INFO|Checking for conditional GET/HEAD. 
2020-08-25 17:01:17.6126|Marvin.Cache.Headers.HttpCacheHeadersMiddleware|INFO|Not valid - no If-None-Match or If-Modified-Since headers. 
2020-08-25 17:01:17.6191|Marvin.Cache.Headers.HttpCacheHeadersMiddleware|INFO|Don't generate 304 - Not Modified.  Continue. 
2020-08-25 17:01:17.6578|Marvin.Cache.Headers.HttpCacheHeadersMiddleware|INFO|Checking for conditional PUT/PATCH. 
2020-08-25 17:01:17.6578|Marvin.Cache.Headers.HttpCacheHeadersMiddleware|INFO|Not valid - method isn't PUT or PATCH. 
2020-08-25 17:01:17.6682|Marvin.Cache.Headers.HttpCacheHeadersMiddleware|INFO|Don't generate 412 - Precondition Failed.  Continue. 
2020-08-25 17:01:18.1297|WebApplication.Controllers.ArticlesController|INFO|[GetArticlesParameter]: WebApplication.Controllers.DtoParameters.ArticleResourceParameters 
2020-08-25 17:01:26.0288|Marvin.Cache.Headers.HttpCacheHeadersMiddleware|INFO|Generating expiration headers. 
2020-08-25 17:01:26.0288|Marvin.Cache.Headers.HttpCacheHeadersMiddleware|INFO|Expiration headers generated. Expires: Tue, 25 Aug 2020 09:02:26 GMT. Cache-Control: public,max-age=60. 
2020-08-25 17:01:26.0424|Marvin.Cache.Headers.HttpCacheHeadersMiddleware|INFO|Generating Validation headers. 
2020-08-25 17:01:26.0424|Marvin.Cache.Headers.HttpCacheHeadersMiddleware|INFO|Validation headers generated. ETag: Strong, "7D7359D44BC326A5000F04BDF828B8B3". Last-Modified: Tue, 25 Aug 2020 09:01:26 GMT 
2020-08-25 17:01:26.0614|Marvin.Cache.Headers.HttpCacheHeadersMiddleware|INFO|Generating Vary header. 
2020-08-25 17:01:26.0614|Marvin.Cache.Headers.HttpCacheHeadersMiddleware|INFO|Vary header generated: Accept, Accept-Language, Accept-Encoding. 
2020-08-25 17:06:56.1973|Marvin.Cache.Headers.HttpCacheHeadersMiddleware|INFO|Checking for conditional GET/HEAD. 
2020-08-25 17:06:56.2273|Marvin.Cache.Headers.HttpCacheHeadersMiddleware|INFO|No saved response found in store. 
2020-08-25 17:06:56.2333|Marvin.Cache.Headers.HttpCacheHeadersMiddleware|INFO|Don't generate 304 - Not Modified.  Continue. 
2020-08-25 17:06:56.2333|Marvin.Cache.Headers.HttpCacheHeadersMiddleware|INFO|Checking for conditional PUT/PATCH. 
2020-08-25 17:06:56.2467|Marvin.Cache.Headers.HttpCacheHeadersMiddleware|INFO|Not valid - method isn't PUT or PATCH. 
2020-08-25 17:06:56.2467|Marvin.Cache.Headers.HttpCacheHeadersMiddleware|INFO|Don't generate 412 - Precondition Failed.  Continue. 
2020-08-25 17:06:56.6941|WebApplication.Controllers.ArticlesController|INFO|[GetArticlesParameter]: WebApplication.Controllers.DtoParameters.ArticleResourceParameters 
2020-08-25 17:08:47.4755|Marvin.Cache.Headers.HttpCacheHeadersMiddleware|INFO|Generating expiration headers. 
2020-08-25 17:08:47.4828|Marvin.Cache.Headers.HttpCacheHeadersMiddleware|INFO|Expiration headers generated. Expires: Tue, 25 Aug 2020 09:09:47 GMT. Cache-Control: public,max-age=60. 
2020-08-25 17:08:47.4828|Marvin.Cache.Headers.HttpCacheHeadersMiddleware|INFO|Generating Validation headers. 
2020-08-25 17:08:47.5008|Marvin.Cache.Headers.HttpCacheHeadersMiddleware|INFO|Validation headers generated. ETag: Strong, "7C889C36D57205F641FD7FF6CEB510E9". Last-Modified: Tue, 25 Aug 2020 09:08:47 GMT 
2020-08-25 17:08:47.5008|Marvin.Cache.Headers.HttpCacheHeadersMiddleware|INFO|Generating Vary header. 
2020-08-25 17:08:47.5134|Marvin.Cache.Headers.HttpCacheHeadersMiddleware|INFO|Vary header generated: Accept, Accept-Language, Accept-Encoding. 
2020-08-25 17:11:17.2458|Marvin.Cache.Headers.HttpCacheHeadersMiddleware|INFO|Checking for conditional GET/HEAD. 
2020-08-25 17:11:17.2738|Marvin.Cache.Headers.HttpCacheHeadersMiddleware|INFO|No saved response found in store. 
2020-08-25 17:11:17.2792|Marvin.Cache.Headers.HttpCacheHeadersMiddleware|INFO|Don't generate 304 - Not Modified.  Continue. 
2020-08-25 17:11:17.2792|Marvin.Cache.Headers.HttpCacheHeadersMiddleware|INFO|Checking for conditional PUT/PATCH. 
2020-08-25 17:11:17.2930|Marvin.Cache.Headers.HttpCacheHeadersMiddleware|INFO|Not valid - method isn't PUT or PATCH. 
2020-08-25 17:11:17.2930|Marvin.Cache.Headers.HttpCacheHeadersMiddleware|INFO|Don't generate 412 - Precondition Failed.  Continue. 
2020-08-25 17:11:17.7069|WebApplication.Controllers.ArticlesController|INFO|[GetArticlesParameter]: WebApplication.Controllers.DtoParameters.ArticleResourceParameters 
2020-08-25 17:11:49.1218|Marvin.Cache.Headers.HttpCacheHeadersMiddleware|INFO|Generating expiration headers. 
2020-08-25 17:11:49.1218|Marvin.Cache.Headers.HttpCacheHeadersMiddleware|INFO|Expiration headers generated. Expires: Tue, 25 Aug 2020 09:12:49 GMT. Cache-Control: public,max-age=60. 
2020-08-25 17:11:49.1361|Marvin.Cache.Headers.HttpCacheHeadersMiddleware|INFO|Generating Validation headers. 
2020-08-25 17:11:49.1361|Marvin.Cache.Headers.HttpCacheHeadersMiddleware|INFO|Validation headers generated. ETag: Strong, "374A1561025FB3EAAF67DEE41CAA4109". Last-Modified: Tue, 25 Aug 2020 09:11:49 GMT 
2020-08-25 17:11:49.1570|Marvin.Cache.Headers.HttpCacheHeadersMiddleware|INFO|Generating Vary header. 
2020-08-25 17:11:49.1570|Marvin.Cache.Headers.HttpCacheHeadersMiddleware|INFO|Vary header generated: Accept, Accept-Language, Accept-Encoding. 
2020-08-25 17:14:34.7133|Marvin.Cache.Headers.HttpCacheHeadersMiddleware|INFO|Checking for conditional GET/HEAD. 
2020-08-25 17:14:34.7445|Marvin.Cache.Headers.HttpCacheHeadersMiddleware|INFO|No saved response found in store. 
2020-08-25 17:14:34.7939|Marvin.Cache.Headers.HttpCacheHeadersMiddleware|INFO|Don't generate 304 - Not Modified.  Continue. 
2020-08-25 17:14:34.7939|Marvin.Cache.Headers.HttpCacheHeadersMiddleware|INFO|Checking for conditional PUT/PATCH. 
2020-08-25 17:14:34.7939|Marvin.Cache.Headers.HttpCacheHeadersMiddleware|INFO|Not valid - method isn't PUT or PATCH. 
2020-08-25 17:14:34.8111|Marvin.Cache.Headers.HttpCacheHeadersMiddleware|INFO|Don't generate 412 - Precondition Failed.  Continue. 
2020-08-25 17:14:35.4484|WebApplication.Controllers.ArticlesController|INFO|[GetArticlesParameter]: WebApplication.Controllers.DtoParameters.ArticleResourceParameters 
2020-08-25 17:14:39.6595|Marvin.Cache.Headers.HttpCacheHeadersMiddleware|INFO|Generating expiration headers. 
2020-08-25 17:14:39.6595|Marvin.Cache.Headers.HttpCacheHeadersMiddleware|INFO|Expiration headers generated. Expires: Tue, 25 Aug 2020 09:15:39 GMT. Cache-Control: public,max-age=60. 
2020-08-25 17:14:39.6736|Marvin.Cache.Headers.HttpCacheHeadersMiddleware|INFO|Generating Validation headers. 
2020-08-25 17:14:39.6831|Marvin.Cache.Headers.HttpCacheHeadersMiddleware|INFO|Validation headers generated. ETag: Strong, "374A1561025FB3EAAF67DEE41CAA4109". Last-Modified: Tue, 25 Aug 2020 09:14:39 GMT 
2020-08-25 17:14:39.6831|Marvin.Cache.Headers.HttpCacheHeadersMiddleware|INFO|Generating Vary header. 
2020-08-25 17:14:39.6831|Marvin.Cache.Headers.HttpCacheHeadersMiddleware|INFO|Vary header generated: Accept, Accept-Language, Accept-Encoding. 
2020-08-25 17:20:05.0617|Marvin.Cache.Headers.HttpCacheHeadersMiddleware|INFO|Checking for conditional GET/HEAD. 
2020-08-25 17:20:08.0837|Marvin.Cache.Headers.HttpCacheHeadersMiddleware|INFO|Checking If-None-Match. 
2020-08-25 17:20:08.0896|Marvin.Cache.Headers.HttpCacheHeadersMiddleware|INFO|Checking If-None-Match: "374A1561025FB3EAAF67DEE41CAA4109". 
2020-08-25 17:20:08.0896|Marvin.Cache.Headers.HttpCacheHeadersMiddleware|INFO|ETag valid: "374A1561025FB3EAAF67DEE41CAA4109". 
2020-08-25 17:20:08.0896|Marvin.Cache.Headers.HttpCacheHeadersMiddleware|INFO|Generating 304 - Not Modified. 
2020-08-25 17:20:08.1091|Marvin.Cache.Headers.HttpCacheHeadersMiddleware|INFO|Generation done. ETag: Strong, "374A1561025FB3EAAF67DEE41CAA4109", Last-Modified: Tue, 25 Aug 2020 09:14:39 GMT. 
2020-08-25 17:21:25.2860|Marvin.Cache.Headers.HttpCacheHeadersMiddleware|INFO|Checking for conditional GET/HEAD. 
2020-08-25 17:21:25.4418|Marvin.Cache.Headers.HttpCacheHeadersMiddleware|INFO|Checking If-None-Match. 
2020-08-25 17:21:25.4531|Marvin.Cache.Headers.HttpCacheHeadersMiddleware|INFO|Checking If-None-Match: "374A1561025FB3EAAF67DEE41CAA4109". 
2020-08-25 17:21:25.4531|Marvin.Cache.Headers.HttpCacheHeadersMiddleware|INFO|ETag valid: "374A1561025FB3EAAF67DEE41CAA4109". 
2020-08-25 17:21:25.4671|Marvin.Cache.Headers.HttpCacheHeadersMiddleware|INFO|Generating 304 - Not Modified. 
2020-08-25 17:21:25.4840|Marvin.Cache.Headers.HttpCacheHeadersMiddleware|INFO|Generation done. ETag: Strong, "374A1561025FB3EAAF67DEE41CAA4109", Last-Modified: Tue, 25 Aug 2020 09:14:39 GMT. 
2020-08-25 17:27:36.5407|Marvin.Cache.Headers.HttpCacheHeadersMiddleware|INFO|Checking for conditional GET/HEAD. 
2020-08-25 17:27:36.7872|Marvin.Cache.Headers.HttpCacheHeadersMiddleware|INFO|Checking If-None-Match. 
2020-08-25 17:27:36.7973|Marvin.Cache.Headers.HttpCacheHeadersMiddleware|INFO|Checking If-None-Match: "374A1561025FB3EAAF67DEE41CAA4109". 
2020-08-25 17:27:36.7973|Marvin.Cache.Headers.HttpCacheHeadersMiddleware|INFO|ETag valid: "374A1561025FB3EAAF67DEE41CAA4109". 
2020-08-25 17:27:36.8266|Marvin.Cache.Headers.HttpCacheHeadersMiddleware|INFO|Generating 304 - Not Modified. 
2020-08-25 17:27:36.8266|Marvin.Cache.Headers.HttpCacheHeadersMiddleware|INFO|Generation done. ETag: Strong, "374A1561025FB3EAAF67DEE41CAA4109", Last-Modified: Tue, 25 Aug 2020 09:14:39 GMT. 
2020-08-25 17:33:12.9813|Marvin.Cache.Headers.HttpCacheHeadersMiddleware|INFO|Checking for conditional GET/HEAD. 
2020-08-25 17:33:13.1335|Marvin.Cache.Headers.HttpCacheHeadersMiddleware|INFO|Checking If-None-Match. 
2020-08-25 17:33:13.1412|Marvin.Cache.Headers.HttpCacheHeadersMiddleware|INFO|Checking If-None-Match: "374A1561025FB3EAAF67DEE41CAA4109". 
2020-08-25 17:33:13.1412|Marvin.Cache.Headers.HttpCacheHeadersMiddleware|INFO|ETag valid: "374A1561025FB3EAAF67DEE41CAA4109". 
2020-08-25 17:33:13.1559|Marvin.Cache.Headers.HttpCacheHeadersMiddleware|INFO|Generating 304 - Not Modified. 
2020-08-25 17:33:13.1559|Marvin.Cache.Headers.HttpCacheHeadersMiddleware|INFO|Generation done. ETag: Strong, "374A1561025FB3EAAF67DEE41CAA4109", Last-Modified: Tue, 25 Aug 2020 09:14:39 GMT. 
2020-08-25 17:38:27.2379|Marvin.Cache.Headers.HttpCacheHeadersMiddleware|INFO|Checking for conditional GET/HEAD. 
2020-08-25 17:38:27.4861|Marvin.Cache.Headers.HttpCacheHeadersMiddleware|INFO|Checking If-None-Match. 
2020-08-25 17:38:27.6265|Marvin.Cache.Headers.HttpCacheHeadersMiddleware|INFO|Checking If-None-Match: "374A1561025FB3EAAF67DEE41CAA4109". 
2020-08-25 17:38:27.6524|Marvin.Cache.Headers.HttpCacheHeadersMiddleware|INFO|ETag valid: "374A1561025FB3EAAF67DEE41CAA4109". 
2020-08-25 17:38:27.6524|Marvin.Cache.Headers.HttpCacheHeadersMiddleware|INFO|Generating 304 - Not Modified. 
2020-08-25 17:38:27.6669|Marvin.Cache.Headers.HttpCacheHeadersMiddleware|INFO|Generation done. ETag: Strong, "374A1561025FB3EAAF67DEE41CAA4109", Last-Modified: Tue, 25 Aug 2020 09:14:39 GMT. 
2020-08-25 17:41:13.1014|Marvin.Cache.Headers.HttpCacheHeadersMiddleware|INFO|Checking for conditional GET/HEAD. 
2020-08-25 17:41:13.3446|Marvin.Cache.Headers.HttpCacheHeadersMiddleware|INFO|No saved response found in store. 
2020-08-25 17:41:13.3446|Marvin.Cache.Headers.HttpCacheHeadersMiddleware|INFO|Don't generate 304 - Not Modified.  Continue. 
2020-08-25 17:41:13.3561|Marvin.Cache.Headers.HttpCacheHeadersMiddleware|INFO|Checking for conditional PUT/PATCH. 
2020-08-25 17:41:13.3561|Marvin.Cache.Headers.HttpCacheHeadersMiddleware|INFO|Not valid - method isn't PUT or PATCH. 
2020-08-25 17:41:13.3561|Marvin.Cache.Headers.HttpCacheHeadersMiddleware|INFO|Don't generate 412 - Precondition Failed.  Continue. 
2020-08-25 17:41:14.4480|WebApplication.Controllers.ArticlesController|INFO|[GetArticlesParameter]: WebApplication.Controllers.DtoParameters.ArticleResourceParameters 
2020-08-25 17:41:17.9329|Marvin.Cache.Headers.HttpCacheHeadersMiddleware|INFO|Generating expiration headers. 
2020-08-25 17:41:17.9329|Marvin.Cache.Headers.HttpCacheHeadersMiddleware|INFO|Expiration headers generated. Expires: Tue, 25 Aug 2020 09:42:17 GMT. Cache-Control: public,max-age=60. 
2020-08-25 17:41:17.9329|Marvin.Cache.Headers.HttpCacheHeadersMiddleware|INFO|Generating Validation headers. 
2020-08-25 17:41:17.9559|Marvin.Cache.Headers.HttpCacheHeadersMiddleware|INFO|Validation headers generated. ETag: Strong, "253A3EAAF7C3942354F45E09C0D97379". Last-Modified: Tue, 25 Aug 2020 09:41:17 GMT 
2020-08-25 17:41:17.9559|Marvin.Cache.Headers.HttpCacheHeadersMiddleware|INFO|Generating Vary header. 
2020-08-25 17:41:17.9683|Marvin.Cache.Headers.HttpCacheHeadersMiddleware|INFO|Vary header generated: Accept, Accept-Language, Accept-Encoding. 
2020-08-25 17:42:58.6266|Marvin.Cache.Headers.HttpCacheHeadersMiddleware|INFO|Checking for conditional GET/HEAD. 
2020-08-25 17:42:58.8752|Marvin.Cache.Headers.HttpCacheHeadersMiddleware|INFO|Checking If-None-Match. 
2020-08-25 17:42:58.8752|Marvin.Cache.Headers.HttpCacheHeadersMiddleware|INFO|Checking If-None-Match: "253A3EAAF7C3942354F45E09C0D97379". 
2020-08-25 17:42:58.8865|Marvin.Cache.Headers.HttpCacheHeadersMiddleware|INFO|ETag valid: "253A3EAAF7C3942354F45E09C0D97379". 
2020-08-25 17:42:58.9562|Marvin.Cache.Headers.HttpCacheHeadersMiddleware|INFO|Generating 304 - Not Modified. 
2020-08-25 17:42:58.9802|Marvin.Cache.Headers.HttpCacheHeadersMiddleware|INFO|Generation done. ETag: Strong, "253A3EAAF7C3942354F45E09C0D97379", Last-Modified: Tue, 25 Aug 2020 09:41:17 GMT. 
2020-08-25 17:44:01.8739|Marvin.Cache.Headers.HttpCacheHeadersMiddleware|INFO|Checking for conditional GET/HEAD. 
2020-08-25 17:44:02.0805|Marvin.Cache.Headers.HttpCacheHeadersMiddleware|INFO|Checking If-None-Match. 
2020-08-25 17:44:02.0805|Marvin.Cache.Headers.HttpCacheHeadersMiddleware|INFO|Checking If-None-Match: "253A3EAAF7C3942354F45E09C0D97379". 
2020-08-25 17:44:02.0952|Marvin.Cache.Headers.HttpCacheHeadersMiddleware|INFO|ETag valid: "253A3EAAF7C3942354F45E09C0D97379". 
2020-08-25 17:44:02.0952|Marvin.Cache.Headers.HttpCacheHeadersMiddleware|INFO|Generating 304 - Not Modified. 
2020-08-25 17:44:02.1076|Marvin.Cache.Headers.HttpCacheHeadersMiddleware|INFO|Generation done. ETag: Strong, "253A3EAAF7C3942354F45E09C0D97379", Last-Modified: Tue, 25 Aug 2020 09:41:17 GMT. 
2020-08-25 17:44:34.7258|Marvin.Cache.Headers.HttpCacheHeadersMiddleware|INFO|Checking for conditional GET/HEAD. 
2020-08-25 17:44:34.7318|Marvin.Cache.Headers.HttpCacheHeadersMiddleware|INFO|Not valid - method isn't GET or HEAD. 
2020-08-25 17:44:34.8679|Marvin.Cache.Headers.HttpCacheHeadersMiddleware|INFO|Don't generate 304 - Not Modified.  Continue. 
2020-08-25 17:44:34.9165|Marvin.Cache.Headers.HttpCacheHeadersMiddleware|INFO|Checking for conditional PUT/PATCH. 
2020-08-25 17:44:34.9375|Marvin.Cache.Headers.HttpCacheHeadersMiddleware|INFO|Not valid - method isn't PUT or PATCH. 
2020-08-25 17:44:34.9375|Marvin.Cache.Headers.HttpCacheHeadersMiddleware|INFO|Don't generate 412 - Precondition Failed.  Continue. 
2020-08-25 17:44:35.9387|Marvin.Cache.Headers.HttpCacheHeadersMiddleware|INFO|Generating expiration headers. 
2020-08-25 17:44:35.9387|Marvin.Cache.Headers.HttpCacheHeadersMiddleware|INFO|Expiration headers generated. Expires: Tue, 25 Aug 2020 09:45:35 GMT. Cache-Control: public,max-age=60. 
2020-08-25 17:44:35.9514|Marvin.Cache.Headers.HttpCacheHeadersMiddleware|INFO|Generating Validation headers. 
2020-08-25 17:44:35.9514|Marvin.Cache.Headers.HttpCacheHeadersMiddleware|INFO|Validation headers generated. ETag: Strong, "869538B4CE9992C0C4D6E62EE7879843". Last-Modified: Tue, 25 Aug 2020 09:44:35 GMT 
2020-08-25 17:44:35.9514|Marvin.Cache.Headers.HttpCacheHeadersMiddleware|INFO|Generating Vary header. 
2020-08-25 17:44:35.9667|Marvin.Cache.Headers.HttpCacheHeadersMiddleware|INFO|Vary header generated: Accept, Accept-Language, Accept-Encoding. 
2020-08-25 17:45:03.1087|Marvin.Cache.Headers.HttpCacheHeadersMiddleware|INFO|Checking for conditional GET/HEAD. 
2020-08-25 17:45:03.1300|Marvin.Cache.Headers.HttpCacheHeadersMiddleware|INFO|Checking If-None-Match. 
2020-08-25 17:45:03.1542|Marvin.Cache.Headers.HttpCacheHeadersMiddleware|INFO|Checking If-None-Match: "253A3EAAF7C3942354F45E09C0D97379". 
2020-08-25 17:45:03.1542|Marvin.Cache.Headers.HttpCacheHeadersMiddleware|INFO|ETag valid: "253A3EAAF7C3942354F45E09C0D97379". 
2020-08-25 17:45:03.1705|Marvin.Cache.Headers.HttpCacheHeadersMiddleware|INFO|Generating 304 - Not Modified. 
2020-08-25 17:45:03.1816|Marvin.Cache.Headers.HttpCacheHeadersMiddleware|INFO|Generation done. ETag: Strong, "253A3EAAF7C3942354F45E09C0D97379", Last-Modified: Tue, 25 Aug 2020 09:41:17 GMT. 
2020-08-25 17:48:38.4880|Marvin.Cache.Headers.HttpCacheHeadersMiddleware|INFO|Checking for conditional GET/HEAD. 
2020-08-25 17:48:38.6994|Marvin.Cache.Headers.HttpCacheHeadersMiddleware|INFO|No saved response found in store. 
2020-08-25 17:48:38.6994|Marvin.Cache.Headers.HttpCacheHeadersMiddleware|INFO|Don't generate 304 - Not Modified.  Continue. 
2020-08-25 17:48:38.6994|Marvin.Cache.Headers.HttpCacheHeadersMiddleware|INFO|Checking for conditional PUT/PATCH. 
2020-08-25 17:48:38.7173|Marvin.Cache.Headers.HttpCacheHeadersMiddleware|INFO|Not valid - method isn't PUT or PATCH. 
2020-08-25 17:48:38.7523|Marvin.Cache.Headers.HttpCacheHeadersMiddleware|INFO|Don't generate 412 - Precondition Failed.  Continue. 
2020-08-25 17:48:39.3954|WebApplication.Controllers.ArticlesController|INFO|[GetArticlesParameter]: WebApplication.Controllers.DtoParameters.ArticleResourceParameters 
2020-08-25 17:48:41.0303|Marvin.Cache.Headers.HttpCacheHeadersMiddleware|INFO|Generating expiration headers. 
2020-08-25 17:48:41.1523|Marvin.Cache.Headers.HttpCacheHeadersMiddleware|INFO|Expiration headers generated. Expires: Tue, 25 Aug 2020 09:49:41 GMT. Cache-Control: public,max-age=60. 
2020-08-25 17:48:41.1523|Marvin.Cache.Headers.HttpCacheHeadersMiddleware|INFO|Generating Validation headers. 
2020-08-25 17:48:41.1523|Marvin.Cache.Headers.HttpCacheHeadersMiddleware|INFO|Validation headers generated. ETag: Strong, "43AD1DA2F0A0E35B0ED43635BBAF2D67". Last-Modified: Tue, 25 Aug 2020 09:48:41 GMT 
2020-08-25 17:48:41.1717|Marvin.Cache.Headers.HttpCacheHeadersMiddleware|INFO|Generating Vary header. 
2020-08-25 17:48:41.1717|Marvin.Cache.Headers.HttpCacheHeadersMiddleware|INFO|Vary header generated: Accept, Accept-Language, Accept-Encoding. 
2020-08-25 17:49:46.3205|Marvin.Cache.Headers.HttpCacheHeadersMiddleware|INFO|Checking for conditional GET/HEAD. 
2020-08-25 17:49:46.3374|Marvin.Cache.Headers.HttpCacheHeadersMiddleware|INFO|Checking If-None-Match. 
2020-08-25 17:49:46.3469|Marvin.Cache.Headers.HttpCacheHeadersMiddleware|INFO|Checking If-None-Match: "43AD1DA2F0A0E35B0ED43635BBAF2D67". 
2020-08-25 17:49:46.3548|Marvin.Cache.Headers.HttpCacheHeadersMiddleware|INFO|ETag valid: "43AD1DA2F0A0E35B0ED43635BBAF2D67". 
2020-08-25 17:49:46.3947|Marvin.Cache.Headers.HttpCacheHeadersMiddleware|INFO|Generating 304 - Not Modified. 
2020-08-25 17:49:46.4064|Marvin.Cache.Headers.HttpCacheHeadersMiddleware|INFO|Generation done. ETag: Strong, "43AD1DA2F0A0E35B0ED43635BBAF2D67", Last-Modified: Tue, 25 Aug 2020 09:48:41 GMT. 
2020-08-25 17:51:04.2828|Marvin.Cache.Headers.HttpCacheHeadersMiddleware|INFO|Checking for conditional GET/HEAD. 
2020-08-25 17:51:04.5380|Marvin.Cache.Headers.HttpCacheHeadersMiddleware|INFO|Checking If-None-Match. 
2020-08-25 17:51:04.5473|Marvin.Cache.Headers.HttpCacheHeadersMiddleware|INFO|Checking If-None-Match: "43AD1DA2F0A0E35B0ED43635BBAF2D67". 
2020-08-25 17:51:04.5473|Marvin.Cache.Headers.HttpCacheHeadersMiddleware|INFO|ETag valid: "43AD1DA2F0A0E35B0ED43635BBAF2D67". 
2020-08-25 17:51:04.5598|Marvin.Cache.Headers.HttpCacheHeadersMiddleware|INFO|Generating 304 - Not Modified. 
2020-08-25 17:51:04.5598|Marvin.Cache.Headers.HttpCacheHeadersMiddleware|INFO|Generation done. ETag: Strong, "43AD1DA2F0A0E35B0ED43635BBAF2D67", Last-Modified: Tue, 25 Aug 2020 09:48:41 GMT. 
2020-08-25 17:56:27.7374|Marvin.Cache.Headers.HttpCacheHeadersMiddleware|INFO|Checking for conditional GET/HEAD. 
2020-08-25 17:56:27.8738|Marvin.Cache.Headers.HttpCacheHeadersMiddleware|INFO|Checking If-None-Match. 
2020-08-25 17:56:27.8738|Marvin.Cache.Headers.HttpCacheHeadersMiddleware|INFO|Checking If-None-Match: "43AD1DA2F0A0E35B0ED43635BBAF2D67". 
2020-08-25 17:56:27.8857|Marvin.Cache.Headers.HttpCacheHeadersMiddleware|INFO|ETag valid: "43AD1DA2F0A0E35B0ED43635BBAF2D67". 
2020-08-25 17:56:27.8857|Marvin.Cache.Headers.HttpCacheHeadersMiddleware|INFO|Generating 304 - Not Modified. 
2020-08-25 17:56:27.8857|Marvin.Cache.Headers.HttpCacheHeadersMiddleware|INFO|Generation done. ETag: Strong, "43AD1DA2F0A0E35B0ED43635BBAF2D67", Last-Modified: Tue, 25 Aug 2020 09:48:41 GMT. 
2020-08-25 17:59:26.1774|Marvin.Cache.Headers.HttpCacheHeadersMiddleware|INFO|Checking for conditional GET/HEAD. 
2020-08-25 17:59:26.3676|Marvin.Cache.Headers.HttpCacheHeadersMiddleware|INFO|Checking If-None-Match. 
2020-08-25 17:59:26.3746|Marvin.Cache.Headers.HttpCacheHeadersMiddleware|INFO|Checking If-None-Match: "43AD1DA2F0A0E35B0ED43635BBAF2D67". 
2020-08-25 17:59:26.3746|Marvin.Cache.Headers.HttpCacheHeadersMiddleware|INFO|ETag valid: "43AD1DA2F0A0E35B0ED43635BBAF2D67". 
2020-08-25 17:59:26.3853|Marvin.Cache.Headers.HttpCacheHeadersMiddleware|INFO|Generating 304 - Not Modified. 
2020-08-25 17:59:26.3853|Marvin.Cache.Headers.HttpCacheHeadersMiddleware|INFO|Generation done. ETag: Strong, "43AD1DA2F0A0E35B0ED43635BBAF2D67", Last-Modified: Tue, 25 Aug 2020 09:48:41 GMT. 
2020-08-25 18:00:29.1125|Marvin.Cache.Headers.HttpCacheHeadersMiddleware|INFO|Checking for conditional GET/HEAD. 
2020-08-25 18:00:29.2550|Marvin.Cache.Headers.HttpCacheHeadersMiddleware|INFO|Checking If-None-Match. 
2020-08-25 18:00:29.2617|Marvin.Cache.Headers.HttpCacheHeadersMiddleware|INFO|Checking If-None-Match: "43AD1DA2F0A0E35B0ED43635BBAF2D67". 
2020-08-25 18:00:29.2617|Marvin.Cache.Headers.HttpCacheHeadersMiddleware|INFO|ETag valid: "43AD1DA2F0A0E35B0ED43635BBAF2D67". 
2020-08-25 18:00:29.2756|Marvin.Cache.Headers.HttpCacheHeadersMiddleware|INFO|Generating 304 - Not Modified. 
2020-08-25 18:00:29.2756|Marvin.Cache.Headers.HttpCacheHeadersMiddleware|INFO|Generation done. ETag: Strong, "43AD1DA2F0A0E35B0ED43635BBAF2D67", Last-Modified: Tue, 25 Aug 2020 09:48:41 GMT. 
